jk2_init() Found child 6039 in scoreboard slot 10
workerEnv.init() ok /etc/httpd/conf/workers2.properties
jk2_init() Found child 1530 in scoreboard slot 8
workerEnv.init() ok /etc/httpd/conf/workers2.properties
jk2_init() Found child 2059 in scoreboard slot 7
jk2_init() Found child 32546 in scoreboard slot 8
jk2_init() Found child 3690 in scoreboard slot 6
mod_jk child workerEnv in error state 6
workerEnv.init() ok /etc/httpd/conf/workers2.properties
jk2_init() Found child 4594 in scoreboard slot 6
workerEnv.init() ok /etc/httpd/conf/workers2.properties
jk2_init() Found child 32621 in scoreboard slot 9
workerEnv.init() ok /etc/httpd/conf/workers2.properties
workerEnv.init() ok /etc/httpd/conf/workers2.properties
jk2_init() Found child 309 in scoreboard slot 7
jk2_init() Found child 1868 in scoreboard slot 6
workerEnv.init() ok /etc/httpd/conf/workers2.properties
mod_jk child workerEnv in error state 6
mod_jk child workerEnv in error state 6
workerEnv.init() ok /etc/httpd/conf/workers2.properties
workerEnv.init() ok /etc/httpd/conf/workers2.properties
workerEnv.init() ok /etc/httpd/conf/workers2.properties
workerEnv.init() ok /etc/httpd/conf/workers2.properties
workerEnv.init() ok /etc/httpd/conf/workers2.properties
mod_jk child workerEnv in error state 6
jk2_init() Found child 5972 in scoreboard slot 8
mod_jk child workerEnv in error state 6
jk2_init() Found child 5016 in scoreboard slot 9
workerEnv.init() ok /etc/httpd/conf/workers2.properties
jk2_init() Found child 5052 in scoreboard slot 10
workerEnv.init() ok /etc/httpd/conf/workers2.properties
workerEnv.init() ok /etc/httpd/conf/workers2.properties
workerEnv.init() ok /etc/httpd/conf/workers2.properties
mod_jk child workerEnv in error state 6
mod_jk child workerEnv in error state 6
workerEnv.init() ok /etc/httpd/conf/workers2.properties
workerEnv.init() ok /etc/httpd/conf/workers2.properties
jk2_init() Found child 5969 in scoreboard slot 10
jk2_init() Found child 5350 in scoreboard slot 9
workerEnv.init() ok /etc/httpd/conf/workers2.properties
workerEnv.init() ok /etc/httpd/conf/workers2.properties
mod_jk child workerEnv in error state 7
workerEnv.init() ok /etc/httpd/conf/workers2.properties
mod_jk child workerEnv in error state 6
jk2_init() Found child 32712 in scoreboard slot 6
jk2_init() Found child 5786 in scoreboard slot 7
workerEnv.init() ok /etc/httpd/conf/workers2.properties
mod_jk child workerEnv in error state 7
workerEnv.init() ok /etc/httpd/conf/workers2.properties
workerEnv.init() ok /etc/httpd/conf/workers2.properties
jk2_init() Found child 2813 in scoreboard slot 7
[client 61.220.139.68] Directory index forbidden by rule: /var/www/html/
mod_jk child workerEnv in error state 8
mod_jk child workerEnv in error state 6
workerEnv.init() ok /etc/httpd/conf/workers2.properties
jk2_init() Found child 4976 in scoreboard slot 7
workerEnv.init() ok /etc/httpd/conf/workers2.properties
jk2_init() Found child 32451 in scoreboard slot 6
workerEnv.init() ok /etc/httpd/conf/workers2.properties
jk2_init() Found child 5966 in scoreboard slot 7
jk2_init() Found child 6044 in scoreboard slot 8
workerEnv.init() ok /etc/httpd/conf/workers2.properties
jk2_init() Found child 1397 in scoreboard slot 7
mod_jk child workerEnv in error state 6
jk2_init() Found child 32584 in scoreboard slot 9
jk2_init() Found child 1800 in scoreboard slot 10
[client 125.30.38.52] Directory index forbidden by rule: /var/www/html/
workerEnv.init() ok /etc/httpd/conf/workers2.properties
jk2_init() Found child 4935 in scoreboard slot 9
workerEnv.init() ok /etc/httpd/conf/workers2.properties
jk2_init() Found child 5810 in scoreboard slot 9
mod_jk child workerEnv in error state 6
mod_jk child workerEnv in error state 6
jk2_init() Found child 4595 in scoreboard slot 7
mod_jk child workerEnv in error state 6
workerEnv.init() ok /etc/httpd/conf/workers2.properties
[client 63.13.186.196] Directory index forbidden by rule: /var/www/html/
workerEnv.init() ok /etc/httpd/conf/workers2.properties
jk2_init() Can't find child 1567 in scoreboard
jk2_init() Found child 6638 in scoreboard slot 8
workerEnv.init() ok /etc/httpd/conf/workers2.properties
jk2_init() Found child 32477 in scoreboard slot 10
mod_jk child workerEnv in error state 6
workerEnv.init() ok /etc/httpd/conf/workers2.properties
mod_jk child workerEnv in error state 6
jk2_init() Found child 6368 in scoreboard slot 8
jk2_init() Found child 5954 in scoreboard slot 7
jk2_init() Found child 1462 in scoreboard slot 6
jk2_init() Found child 1283 in scoreboard slot 6
jk2_init() Found child 32740 in scoreboard slot 8
jk2_init() Found child 4630 in scoreboard slot 8
jk2_init() Found child 1512 in scoreboard slot 7
workerEnv.init() ok /etc/httpd/conf/workers2.properties
jk2_init() Found child 8744 in scoreboard slot 8
mod_jk child workerEnv in error state 7
jk2_init() Found child 6069 in scoreboard slot 7
jk2_init() Found child 1300 in scoreboard slot 10
workerEnv.init() ok /etc/httpd/conf/workers2.properties
jk2_init() Found child 6689 in scoreboard slot 7
mod_jk child workerEnv in error state 10
jk2_init() Can't find child 2086 in scoreboard
jk2_init() Found child 1958 in scoreboard slot 6
jk2_init() Found child 5388 in scoreboard slot 10
workerEnv.init() ok /etc/httpd/conf/workers2.properties
workerEnv.init() ok /etc/httpd/conf/workers2.properties
jk2_init() Found child 6745 in scoreboard slot 8
workerEnv.init() ok /etc/httpd/conf/workers2.properties
jk2_init() Found child 1864 in scoreboard slot 7
mod_jk child workerEnv in error state 6
mod_jk child workerEnv in error state 8
[client 222.166.160.184] Directory index forbidden by rule: /var/www/html/
jk2_init() Found child 5919 in scoreboard slot 6
jk2_init() Found child 1963 in scoreboard slot 9
workerEnv.init() ok /etc/httpd/conf/workers2.properties
jk2_init() Found child 5030 in scoreboard slot 6
jk2_init() Found child 8605 in scoreboard slot 8
mod_jk child workerEnv in error state 6
workerEnv.init() ok /etc/httpd/conf/workers2.properties
workerEnv.init() ok /etc/httpd/conf/workers2.properties
mod_jk child workerEnv in error state 6
jk2_init() Can't find child 5619 in scoreboard
mod_jk child workerEnv in error state 8
jk2_init() Found child 4893 in scoreboard slot 7
mod_jk child workerEnv in error state 6
workerEnv.init() ok /etc/httpd/conf/workers2.properties
jk2_init() Found child 32729 in scoreboard slot 6
jk2_init() Found child 1470 in scoreboard slot 7
mod_jk child workerEnv in error state 6
jk2_init() Found child 32730 in scoreboard slot 7
jk2_init() Found child 6453 in scoreboard slot 10
workerEnv.init() ok /etc/httpd/conf/workers2.properties
mod_jk child workerEnv in error state 6
jk2_init() Found child 6585 in scoreboard slot 7
workerEnv.init() ok /etc/httpd/conf/workers2.properties
workerEnv.init() ok /etc/httpd/conf/workers2.properties
jk2_init() Found child 32555 in scoreboard slot 6
jk2_init() Found child 5579 in scoreboard slot 6
workerEnv.init() ok /etc/httpd/conf/workers2.properties
jk2_init() Found child 6386 in scoreboard slot 6
workerEnv.init() ok /etc/httpd/conf/workers2.properties
mod_jk child workerEnv in error state 7
mod_jk child workerEnv in error state 8
mod_jk child workerEnv in error state 6
jk2_init() Found child 6684 in scoreboard slot 7
workerEnv.init() ok /etc/httpd/conf/workers2.properties
jk2_init() Found child 32669 in scoreboard slot 8
workerEnv.init() ok /etc/httpd/conf/workers2.properties
workerEnv.init() ok /etc/httpd/conf/workers2.properties
mod_jk child workerEnv in error state 6
jk2_init() Found child 2837 in scoreboard slot 6
mod_jk child workerEnv in error state 6
mod_jk child workerEnv in error state 8
jk2_init() Found child 1254 in scoreboard slot 7
jk2_init() Found child 5515 in scoreboard slot 7
mod_jk child workerEnv in error state 6
jk2_init() Found child 2000 in scoreboard slot 7
workerEnv.init() ok /etc/httpd/conf/workers2.properties
workerEnv.init() ok /etc/httpd/conf/workers2.properties
jk2_init() Found child 6755 in scoreboard slot 6
jk2_init() Found child 32556 in scoreboard slot 8
jk2_init() Found child 5001 in scoreboard slot 9
mod_jk child workerEnv in error state 6
mod_jk child workerEnv in error state 7
jk2_init() Found child 6062 in scoreboard slot 9
workerEnv.init() ok /etc/httpd/conf/workers2.properties
workerEnv.init() ok /etc/httpd/conf/workers2.properties
workerEnv.init() ok /etc/httpd/conf/workers2.properties
mod_jk child workerEnv in error state 6
jk2_init() Found child 32600 in scoreboard slot 9
mod_jk child workerEnv in error state 9
workerEnv.init() ok /etc/httpd/conf/workers2.properties
workerEnv.init() ok /etc/httpd/conf/workers2.properties
mod_jk child workerEnv in error state 6
mod_jk child workerEnv in error state 6
workerEnv.init() ok /etc/httpd/conf/workers2.properties
mod_jk child workerEnv in error state 6
jk2_init() Found child 6725 in scoreboard slot 7
mod_jk child workerEnv in error state 9
workerEnv.init() ok /etc/httpd/conf/workers2.properties
workerEnv.init() ok /etc/httpd/conf/workers2.properties
workerEnv.init() ok /etc/httpd/conf/workers2.properties
mod_jk child workerEnv in error state 6
jk2_init() Found child 32578 in scoreboard slot 8
jk2_init() Found child 32419 in scoreboard slot 6
jk2_init() Found child 32410 in scoreboard slot 7
jk2_init() Found child 8765 in scoreboard slot 11
workerEnv.init() ok /etc/httpd/conf/workers2.properties
mod_jk child workerEnv in error state 6
workerEnv.init() ok /etc/httpd/conf/workers2.properties
workerEnv.init() ok /etc/httpd/conf/workers2.properties
jk2_init() Found child 4820 in scoreboard slot 8
jk2_init() Found child 32660 in scoreboard slot 6
mod_jk child workerEnv in error state 6
workerEnv.init() ok /etc/httpd/conf/workers2.properties
jk2_init() Found child 1937 in scoreboard slot 6
jk2_init() Found child 5344 in scoreboard slot 7
jk2_init() Found child 5386 in scoreboard slot 9
jk2_init() Found child 5981 in scoreboard slot 9
mod_jk child workerEnv in error state 6
jk2_init() Found child 32443 in scoreboard slot 8
workerEnv.init() ok /etc/httpd/conf/workers2.properties
jk2_init() Found child 32442 in scoreboard slot 7
mod_jk child workerEnv in error state 6
[client 216.127.124.16] Directory index forbidden by rule: /var/www/html/
workerEnv.init() ok /etc/httpd/conf/workers2.properties
jk2_init() Found child 32720 in scoreboard slot 8
workerEnv.init() ok /etc/httpd/conf/workers2.properties
jk2_init() Found child 32670 in scoreboard slot 6
jk2_init() Found child 32423 in scoreboard slot 9
jk2_init() Found child 1297 in scoreboard slot 7
jk2_init() Found child 6280 in scoreboard slot 7
workerEnv.init() ok /etc/httpd/conf/workers2.properties
mod_jk child workerEnv in error state 6
jk2_init() Found child 6316 in scoreboard slot 7
workerEnv.init() ok /etc/httpd/conf/workers2.properties
jk2_init() Found child 1513 in scoreboard slot 6
jk2_init() Found child 2840 in scoreboard slot 8
jk2_init() Found child 5271 in scoreboard slot 7
mod_jk child workerEnv in error state 6
workerEnv.init() ok /etc/httpd/conf/workers2.properties
workerEnv.init() ok /etc/httpd/conf/workers2.properties
jk2_init() Found child 2004 in scoreboard slot 6
iar 0010686c dear 02f6951c
generating core.18363
ciod: Message code 0 is not 51 or 4294967295
iar 003a92a0 dear 00fcc6b8
data storage interrupt
"10686 total interrupts. 0 critical input interrupts. 0 microseconds total spent on critical input interrupts, 0 microseconds max time in a critical input interrupt."
iar 0014a150 dear 009a2998
iar 00106210 dear 0244c1dc
ciod: LOGIN chdir(/home/germann2/BGL-demo) failed: No such file or directory
data TLB error interrupt
"ciod: Error loading /bgl/apps/scaletest/performance/MINIBEN/mb_243_0810/allreduce.rts: invalid or missing program image, Exec format error"
"CE sym 10, at 0x08e70580, mask 0x08"
"ciod: Error loading /g/g0/spelce1/HPCC_IBM/Urgent/COP/64K/RandomAccess.64R.rts: invalid or missing program image, Permission denied"
iar 003a92a0 dear 00efd518
generating core.37749
generating core.11346
ciod: generated 128 core files for program /home/germann2/BGL-demo/SPaSM_mpi
generating core.22469
generating core.12630
generating core.36339
generating core.42905
"idoproxydb hit ASSERT condition: ASSERT expression=0 Source file=idotransportmgr.cpp Source line=1043 Function=int IdoTransportMgr::SendPacket(IdoUdpMgr*, BglCtlPavTrace*)"
generating core.412
"CE sym 25, at 0x10e1b8a0, mask 0x10"
generating core.9997
generating core.2275
core configuration register: 0x00002000
generating core.22376
"CE sym 23, at 0x03f89c00, mask 0x10"
instruction cache parity error corrected
0 microseconds spent in the rbs signal handler during 0 calls. 0 microseconds was the maximum time for a single instance of a correctable ddr.
"ciod: Error reading message prefix on CioStream socket to 172.16.96.116:41554, Connection timed out"
generating core.21353
generating core.19481
"10684 total interrupts. 0 critical input interrupts. 0 microseconds total spent on critical input interrupts, 0 microseconds max time in a critical input interrupt."
generating core.45183
rts: kernel terminated for reason 1003
generating core.13752
"ciod: Error loading /bgl/apps/followup/SPASM/spasm.254: invalid or missing program image, Permission denied"
generating core.50505
2354412 floating point alignment exceptions
program interrupt: imprecise exception......0
Node card status: no ALERTs are active. Clock Mode is Low. Clock Select is Midplane. Phy JTAG Reset is asserted. ASIC JTAG Reset is asserted. Temperature Mask is not active. No temperature error. Temperature Limit Error Latch is clear. PGOOD IS NOT ASSERTED. PGOOD ERROR LATCH IS ACTIVE. MPGOOD IS NOT OK. MPGOOD ERROR LATCH IS ACTIVE. The 2.5 volt rail is OK. The 1.5 volt rail is OK.
8 floating point alignment exceptions
data store interrupt caused by dcbf.........0
generating core.1682
generating core.17817
ciod: generated 64 core files for program /home/spelce1/HPCC_IBM/Urgent/COP/64K/opt_co_dc.rts
generating core.14824
generating core.6801
ciod: generated 128 core files for program /home/germann2/BGL-demo/SPaSM_mpi
generating core.978
"10752 total interrupts. 0 critical input interrupts. 0 microseconds total spent on critical input interrupts, 0 microseconds max time in a critical input interrupt."
19220208 floating point alignment exceptions
"idoproxydb hit ASSERT condition: ASSERT expression=0 Source file=idotransportmgr.cpp Source line=1043 Function=int IdoTransportMgr::SendPacket(IdoUdpMgr*, BglCtlPavTrace*)"
generating core.23438
generating core.34015
62500 floating point alignment exceptions
"idoproxydb hit ASSERT condition: ASSERT expression=0 Source file=idotransportmgr.cpp Source line=1043 Function=int IdoTransportMgr::SendPacket(IdoUdpMgr*, BglCtlPavTrace*)"
0 microseconds spent in the rbs signal handler during 0 calls. 0 microseconds was the maximum time for a single instance of a correctable ddr.
data storage interrupt
"ciod: Error reading message prefix on CioStream socket to 172.16.96.116:41587, Connection reset by peer"
generating core.32657
generating core.47736
Node card is not fully functional
program interrupt: imprecise exception......0
generating core.59042
iar 00106834 dear 0245cd0c
generating core.45167
generating core.1781
"ciod: Error loading ./runtime_malloc: invalid or missing program image, No such file or directory"
generating core.3804
generating core.15557
generating core.37807
"10738 total interrupts. 0 critical input interrupts. 0 microseconds total spent on critical input interrupts, 0 microseconds max time in a critical input interrupt."
115325776 double-hummer alignment exceptions
"ciod: Error reading message prefix on CioStream socket to 172.16.96.116:54780, Link has been severed"
"CE sym 27, at 0x1b70b860, mask 0x80"
"CE sym 16, at 0x0456cd40, mask 0x04"
1146800 double-hummer alignment exceptions
generating core.6682
generating core.25229
guaranteed data cache block touch........1
1146800 double-hummer alignment exceptions
"CE sym 21, at 0x13d38aa0, mask 0x40"
total of 1 ddr error(s) detected and corrected
generating core.58616
"10676 total interrupts. 0 critical input interrupts. 0 microseconds total spent on critical input interrupts, 0 microseconds max time in a critical input interrupt."
generating core.17851
ciod: generated 128 core files for program /bgl/apps/SWL/stability/DDCMD//ddcMDbglV
15 floating point alignment exceptions
generating core.12364
generating core.25568
data TLB error interrupt
data TLB error interrupt
ciod: generated 128 core files for program /home/germann2/BGL-demo/SPaSM_mpi
generating core.48433
"1 ddr errors(s) detected and corrected on rank 0, symbol 28, bit 0"
488205 floating point alignment exceptions
generating core.15063
generating core.50579
259822751 double-hummer alignment exceptions
generating core.3792
generating core.3053
"10666 total interrupts. 0 critical input interrupts. 0 microseconds total spent on critical input interrupts, 0 microseconds max time in a critical input interrupt."
Lustre mount FAILED : bglio559 : point /p/gb1
iar 003a9260 dear 00efcbc8
generating core.2790
generating core.1807
total of 4 ddr error(s) detected and corrected
generating core.2558
rts: kernel terminated for reason 1004
2354412 floating point alignment exceptions
ciod: generated 128 core files for program /home/germann2/BGL-demo/SPaSM_mpi
iar 001061e4 dear 0245a09c
generating core.1916
debug wait enable.................0
generating core.1103
generating core.54486
generating core.10514
6182400 double-hummer alignment exceptions
"10708 total interrupts. 0 critical input interrupts. 0 microseconds total spent on critical input interrupts, 0 microseconds max time in a critical input interrupt."
generating core.62462
generating core.7619
generating core.1114
199680 double-hummer alignment exceptions
generating core.4180
5 floating point alignment exceptions
ciod: generated 58 core files for program /home/spelce1/HPCC_IBM/Urgent/COP/64K/opt_co_dc.rts
lr:00004ed0 cr:28244842 xer:20000002 ctr:00086000
iar 001061b4 dear 0247017c
generating core.4535
generating core.28370
ciod: LOGIN chdir(/bgl/apps/SWL/performance/MINIBEN///2005.09.20-18.06.05) failed: No such file or directory
generating core.332
iar 00106568 dear 02494bec
generating core.4368
instruction cache parity error corrected
Node card status: no ALERTs are active. Clock Mode is Low. Clock Select is Midplane. Phy JTAG Reset is asserted. ASIC JTAG Reset is asserted. Temperature Mask is not active. No temperature error. Temperature Limit Error Latch is clear. PGOOD IS NOT ASSERTED. PGOOD ERROR LATCH IS ACTIVE. MPGOOD IS NOT OK. MPGOOD ERROR LATCH IS ACTIVE. The 2.5 volt rail is OK. The 1.5 volt rail is OK.
iar 0014a150 dear 00991c88
2354412 floating point alignment exceptions
generating core.7836
instruction cache parity error corrected
115193048 double-hummer alignment exceptions
generating core.5854
generating core.9881
byte ordering exception.....................0
generating core.20241
data address space................0
116249832 double-hummer alignment exceptions
rts panic! - stopping execution
"10706 total interrupts. 0 critical input interrupts. 0 microseconds total spent on critical input interrupts, 0 microseconds max time in a critical input interrupt."
generating core.114
generating core.3980
"idoproxydb hit ASSERT condition: ASSERT expression=0 Source file=idotransportmgr.cpp Source line=1043 Function=int IdoTransportMgr::SendPacket(IdoUdpMgr*, BglCtlPavTrace*)"
iar 00106580 dear 02494c2c
2 L3 EDRAM error(s) (dcr 0x0157) detected and corrected over 282 seconds
generating core.33399
generating core.29367
1146800 double-hummer alignment exceptions
data storage interrupt
ciod: Missing or invalid fields on line 1 of node map file /home/auselton/bgl/64mps.sequential.mapfile
ciod: generated 128 core files for program /g/g90/glosli/src/ddcMD/ddcMD1.1.18a/bin/ddcMDbglV
program interrupt: imprecise exception......0
program interrupt: privileged instruction...0
generating core.20088
"ciod: Error loading /home/spelce1/HPCC_IBM/Urgent/VNM/64K/vnm.rts: invalid or missing program image, Permission denied"
"ciod: Error loading /bgl/apps/scaletest/performance/MINIBEN/mb_243_0810/allreduce.rts: invalid or missing program image, Exec format error"
generating core.28084
"720 total interrupts. 0 critical input interrupts. 0 microseconds total spent on critical input interrupts, 0 microseconds max time in a critical input interrupt."
program interrupt: fp cr field .............0
"CE sym 12, at 0x1b786f60, mask 0x04"
generating core.306
iar 00106228 dear 0244c27c
0 microseconds spent in the rbs signal handler during 0 calls. 0 microseconds was the maximum time for a single instance of a correctable ddr.
generating core.201
iar 001061b4 dear 0247017c
generating core.28238
13 tree receiver 1 in re-synch state event(s) (dcr 0x0185) detected over 4562 seconds
generating core.10930
generating core.17526
generating core.1351
"CE sym 2, at 0x0d09f1c0, mask 0x80"
1146800 double-hummer alignment exceptions
generating core.22494
ciod: generated 128 core files for program /home/germann2/BGL-demo/SPaSM_mpi
"10674 total interrupts. 0 critical input interrupts. 0 microseconds total spent on critical input interrupts, 0 microseconds max time in a critical input interrupt."
generating core.2605
0 microseconds spent in the rbs signal handler during 0 calls. 0 microseconds was the maximum time for a single instance of a correctable ddr.
generating core.30706
generating core.40979
generating core.63787
iar 003a9260 dear 00ef83b8
generating core.17999
112099344 double-hummer alignment exceptions
generating core.27323
ciod: Error creating node map from file /home/pakin1/sweep3d-2.2b/results/random1-8x32x32x2.map: Permission denied
generating core.4937
"CE sym 19, at 0x057c7e00, mask 0x20"
data TLB error interrupt
generating core.5785
"CE sym 11, at 0x06366640, mask 0x04"
generating core.45353
generating core.2112
0 microseconds spent in the rbs signal handler during 0 calls. 0 microseconds was the maximum time for a single instance of a correctable ddr.
iar 00106228 dear 0244c1ec
generating core.449
generating core.41557
generating core.15459
"Node card status: ALERT 0, ALERT 1, ALERT 2, ALERT 3 is (are) active. Clock Mode is Low. Clock Select is Midplane. Phy JTAG Reset is asserted. ASIC JTAG Reset is not asserted. Temperature Mask is not active. No temperature error. Temperature Limit Error Latch is clear. PGOOD is asserted. PGOOD error latch is clear. MPGOOD is OK. MPGOOD error latch is clear. The 2.5 volt rail is OK. The 1.5 volt rail is OK."
data TLB error interrupt
generating core.64538
iar 00106390 dear 02f67cfc
generating core.22024
0 microseconds spent in the rbs signal handler during 0 calls. 0 microseconds was the maximum time for a single instance of a correctable ddr.
iar 00106678 dear 0252523c
Node card is not fully functional
"ciod: Error reading message prefix on CioStream socket to 172.16.96.116:49934, Link has been severed"
generating core.15
MACHINE CHECK DCR read timeout (mc=e08x iar 0x00000000 lr 0xc00045a4)
"CE sym 16, at 0x18fa5d40, mask 0x80"
generating core.1433
PacketResponder 1 for block blk_-8364400144313355814 terminating
Receiving block blk_6107935679779418195 src: /10.251.43.115:55925 dest: /10.251.43.115:50010
Receiving block blk_-8856628810470361280 src: /10.250.5.237:41923 dest: /10.250.5.237:50010
BLOCK* NameSystem.delete: blk_-4149539113118855204 is added to invalidSet of 10.251.71.16:50010
BLOCK* NameSystem.delete: blk_1481009974400305784 is added to invalidSet of 10.251.39.242:50010
BLOCK* NameSystem.addStoredBlock: blockMap updated: 10.251.214.130:50010 is added to blk_-9056748866943837167 size 67108864
BLOCK* NameSystem.addStoredBlock: blockMap updated: 10.251.109.209:50010 is added to blk_3764801892187716497 size 67108864
Deleting block blk_5272005015837990021 file /mnt/hadoop/dfs/data/current/subdir0/blk_5272005015837990021
10.251.73.188:50010:Got exception while serving blk_7517964792804498202 to /10.250.6.191:
Receiving block blk_3248835454898465560 src: /10.251.42.84:40950 dest: /10.251.42.84:50010
Receiving block blk_-3187293586306086277 src: /10.251.35.1:50933 dest: /10.251.35.1:50010
PacketResponder 0 for block blk_165707910410871749 terminating
BLOCK* NameSystem.allocateBlock: /user/root/rand8/_temporary/_task_200811101024_0015_m_000939_0/part-00939. blk_-3522956055443924791
10.251.43.210:50010:Got exception while serving blk_2969087638814291714 to /10.251.199.86:
PacketResponder 1 for block blk_-26568864070436835 terminating
Receiving block blk_-6250368566161066085 src: /10.251.31.180:42992 dest: /10.251.31.180:50010
BLOCK* NameSystem.delete: blk_-2025578204394955498 is added to invalidSet of 10.251.91.159:50010
Received block blk_3480684347183600958 of size 67108864 from /10.251.111.209
BLOCK* NameSystem.delete: blk_-3316519570098743145 is added to invalidSet of 10.251.70.211:50010
Deleting block blk_-253282915050290778 file /mnt/hadoop/dfs/data/current/subdir23/blk_-253282915050290778
BLOCK* NameSystem.addStoredBlock: blockMap updated: 10.251.110.68:50010 is added to blk_1636660629634995787 size 67108864
Received block blk_5834218936335592624 of size 67108864 from /10.251.111.228
Receiving block blk_-4956232013010963754 src: /10.251.126.22:58984 dest: /10.251.126.22:50010
BLOCK* NameSystem.delete: blk_6392434729242722288 is added to invalidSet of 10.251.30.134:50010
PacketResponder 1 for block blk_5729560286355779655 terminating
BLOCK* NameSystem.addStoredBlock: blockMap updated: 10.251.39.64:50010 is added to blk_207875475387433291 size 67108864
Deleting block blk_-5603192027616633151 file /mnt/hadoop/dfs/data/current/subdir34/blk_-5603192027616633151
Deleting block blk_9173199815015538212 file /mnt/hadoop/dfs/data/current/subdir24/blk_9173199815015538212
10.251.73.220:50010:Got exception while serving blk_4934527196392001803 to /10.251.203.246:
BLOCK* NameSystem.addStoredBlock: blockMap updated: 10.251.125.193:50010 is added to blk_-8657800226489501791 size 3550839
Receiving block blk_-3612946656596896413 src: /10.251.105.189:48488 dest: /10.251.105.189:50010
10.251.122.38:50010:Got exception while serving blk_7489155602821840025 to /10.251.26.8:
Receiving block blk_-1133573997287815203 src: /10.251.123.195:59430 dest: /10.251.123.195:50010
BLOCK* NameSystem.delete: blk_-5403209762224435166 is added to invalidSet of 10.251.125.193:50010
Receiving block blk_-8876879715755468215 src: /10.251.111.80:43834 dest: /10.251.111.80:50010
Deleting block blk_-3564493590065542578 file /mnt/hadoop/dfs/data/current/subdir55/blk_-3564493590065542578
Receiving block blk_8692428775973608797 src: /10.250.10.213:56574 dest: /10.250.10.213:50010
Received block blk_-5960135894031733009 of size 67108864 from /10.251.126.83
Receiving block blk_-8162657657061473938 src: /10.251.26.131:35484 dest: /10.251.26.131:50010
PacketResponder 2 for block blk_-1733803097614960767 terminating
BLOCK* NameSystem.addStoredBlock: blockMap updated: 10.251.30.101:50010 is added to blk_6451403582950672007 size 67108864
Received block blk_3463540868626173125 of size 67108864 from /10.251.30.134
PacketResponder 1 for block blk_-5580322334454533924 terminating
10.250.15.198:50010 Starting thread to transfer block blk_4292382298896622412 to 10.250.15.240:50010
Received block blk_-3491385689517593364 of size 67108864 from /10.251.193.224
Received block blk_8699194381234371727 of size 67108864 from /10.251.214.67
BLOCK* NameSystem.addStoredBlock: blockMap updated: 10.250.17.177:50010 is added to blk_5733038550092620376 size 67108864
Received block blk_-7526945448667194862 of size 67108864 from /10.251.203.80
Received block blk_2294700909811950327 of size 67108864 from /10.251.90.64
PacketResponder 1 for block blk_2028803850179311599 terminating
Deleting block blk_773599351835388127 file /mnt/hadoop/dfs/data/current/subdir60/blk_773599351835388127
Receiving block blk_995094303184954394 src: /10.251.91.84:35590 dest: /10.251.91.84:50010
BLOCK* NameSystem.addStoredBlock: blockMap updated: 10.250.11.100:50010 is added to blk_3406384548372443486 size 67108864
BLOCK* NameSystem.addStoredBlock: blockMap updated: 10.251.214.67:50010 is added to blk_-8483420270408348004 size 67108864
PacketResponder 0 for block blk_-730776401372551814 terminating
BLOCK* NameSystem.delete: blk_6413710007211667486 is added to invalidSet of 10.251.30.179:50010
Receiving block blk_1321799290531408498 src: /10.251.126.255:43447 dest: /10.251.126.255:50010
Receiving block blk_5525607749827896334 src: /10.251.66.102:33326 dest: /10.251.66.102:50010
BLOCK* NameSystem.delete: blk_-6802124772693111025 is added to invalidSet of 10.251.66.63:50010
Receiving block blk_5565611615515783341 src: /10.251.126.5:35656 dest: /10.251.126.5:50010
Deleting block blk_-1111344660779690782 file /mnt/hadoop/dfs/data/current/subdir40/blk_-1111344660779690782
PacketResponder 0 for block blk_406835586147450451 terminating
BLOCK* NameSystem.addStoredBlock: blockMap updated: 10.251.29.239:50010 is added to blk_-762982068597249045 size 67108864
10.251.71.97:50010 Served block blk_6552418180158772377 to /10.251.39.242
Received block blk_427477290315080955 of size 67108864 from /10.251.123.132
BLOCK* NameSystem.addStoredBlock: blockMap updated: 10.251.25.237:50010 is added to blk_541463031152673662 size 67108864
Deleting block blk_-1263913006422225885 file /mnt/hadoop/dfs/data/current/subdir2/blk_-1263913006422225885
Receiving block blk_6245594177708848366 src: /10.250.15.198:46793 dest: /10.250.15.198:50010
BLOCK* NameSystem.addStoredBlock: blockMap updated: 10.250.6.214:50010 is added to blk_4893049344332234616 size 67108864
BLOCK* NameSystem.allocateBlock: /user/root/randtxt/_temporary/_task_200811092030_0003_m_000392_0/part-00392. blk_-3010126661650043258
BLOCK* ask 10.251.126.5:50010 to delete  blk_-9016567407076718172 blk_-8695715290502978219 blk_-7168328752988473716 blk_-4355192005224403537 blk_-3757501769775889193 blk_-154600013573668394 blk_167132135416677587 blk_2654596473569751784 blk_5202581916713319258
BLOCK* NameSystem.addStoredBlock: blockMap updated: 10.251.122.79:50010 is added to blk_-2895171018912807248 size 67108864
BLOCK* NameSystem.addStoredBlock: blockMap updated: 10.251.197.226:50010 is added to blk_4585055992495043771 size 67108864
Receiving block blk_-7727864185516010230 src: /10.251.43.192:36039 dest: /10.251.43.192:50010
BLOCK* NameSystem.addStoredBlock: blockMap updated: 10.251.26.177:50010 is added to blk_-2402036602753320612 size 67108864
PacketResponder 0 for block blk_-6525012344542022819 terminating
BLOCK* NameSystem.allocateBlock: /user/root/randtxt/_temporary/_task_200811092030_0003_m_001661_0/part-01661. blk_-1674094254141559552
Deleting block blk_-6053005391233809507 file /mnt/hadoop/dfs/data/current/subdir27/blk_-6053005391233809507
PacketResponder 1 for block blk_4967492069970766092 terminating
Receiving block blk_2583125615128303019 src: /10.251.71.97:54431 dest: /10.251.71.97:50010
BLOCK* NameSystem.delete: blk_-4385347171136037814 is added to invalidSet of 10.251.67.113:50010
BLOCK* NameSystem.allocateBlock: /user/root/randtxt5/_temporary/_task_200811101024_0012_m_001709_0/part-01709. blk_3776895047834644694
BLOCK* NameSystem.addStoredBlock: blockMap updated: 10.251.110.160:50010 is added to blk_-8077373411465716253 size 67108864
Receiving block blk_4599950495841528213 src: /10.251.194.102:59433 dest: /10.251.194.102:50010
BLOCK* NameSystem.addStoredBlock: blockMap updated: 10.251.107.19:50010 is added to blk_5574898547439146021 size 67108864
BLOCK* NameSystem.addStoredBlock: blockMap updated: 10.251.65.203:50010 is added to blk_-1332315107905285608 size 67108864
PacketResponder 0 for block blk_-1067234447809438340 terminating
Received block blk_-7380871572601322244 of size 67108864 from /10.251.121.224
PacketResponder 2 for block blk_-5321676321043683563 terminating
BLOCK* NameSystem.addStoredBlock: blockMap updated: 10.251.42.207:50010 is added to blk_2119401975697524206 size 67108864
PacketResponder 1 for block blk_7901008236334420364 terminating
BLOCK* NameSystem.addStoredBlock: blockMap updated: 10.251.197.161:50010 is added to blk_-3724350946705225881 size 67108864
BLOCK* NameSystem.delete: blk_-719470845056640928 is added to invalidSet of 10.251.90.64:50010
BLOCK* NameSystem.delete: blk_2576408434603492552 is added to invalidSet of 10.251.106.37:50010
PacketResponder 1 for block blk_2016964533702776852 terminating
Receiving block blk_2737505352081488746 src: /10.251.194.245:52516 dest: /10.251.194.245:50010
Deleting block blk_6163400028286940197 file /mnt/hadoop/dfs/data/current/subdir7/blk_6163400028286940197
10.250.13.188:50010:Got exception while serving blk_73389299186801686 to /10.251.123.33:
Received block blk_1600228140214754078 of size 67108864 from /10.251.90.81
PacketResponder 2 for block blk_-4779205255695723216 terminating
Deleting block blk_-8588908000680498 file /mnt/hadoop/dfs/data/current/subdir21/blk_-8588908000680498
BLOCK* NameSystem.addStoredBlock: blockMap updated: 10.250.6.4:50010 is added to blk_-6945615463687647586 size 67108864
PacketResponder 2 for block blk_-615578808743808725 terminating
Receiving block blk_-2746863406163228797 src: /10.251.39.160:35642 dest: /10.251.39.160:50010
PacketResponder 0 for block blk_9093049293972551787 terminating
Receiving block blk_5216491057643255876 src: /10.251.105.189:55126 dest: /10.251.105.189:50010
Deleting block blk_-4352313989800650828 file /mnt/hadoop/dfs/data/current/subdir56/blk_-4352313989800650828
Deleting block blk_-4311652947826112510 file /mnt/hadoop/dfs/data/current/subdir57/blk_-4311652947826112510
BLOCK* NameSystem.addStoredBlock: blockMap updated: 10.251.109.209:50010 is added to blk_1129715194117079802 size 67108864
Receiving block blk_8942969309743886844 src: /10.251.110.68:58266 dest: /10.251.110.68:50010
BLOCK* NameSystem.delete: blk_9085898147979939648 is added to invalidSet of 10.251.67.225:50010
Received block blk_-1522107359378428427 of size 67108864 from /10.251.125.174
Receiving block blk_8235751201501175836 src: /10.250.11.194:37449 dest: /10.250.11.194:50010
PacketResponder 2 for block blk_5262186175243998904 terminating
Deleting block blk_153508158653341141 file /mnt/hadoop/dfs/data/current/subdir50/blk_153508158653341141
PacketResponder 1 for block blk_1927336911952959118 terminating
BLOCK* NameSystem.allocateBlock: /user/root/rand8/_temporary/_task_200811101024_0015_m_000480_0/part-00480. blk_-5613694521084380933
Deleting block blk_4713539908695785630 file /mnt/hadoop/dfs/data/current/subdir39/blk_4713539908695785630
Received block blk_-518701095493827363 of size 67108864 from /10.251.214.67
BLOCK* NameSystem.addStoredBlock: blockMap updated: 10.251.110.68:50010 is added to blk_-3663004104512304532 size 67108864
BLOCK* NameSystem.delete: blk_358331073189608564 is added to invalidSet of 10.251.67.225:50010
Receiving block blk_-6412155847905320411 src: /10.251.30.85:58995 dest: /10.251.30.85:50010
Receiving block blk_3016571528120363023 src: /10.251.194.102:60235 dest: /10.251.194.102:50010
Received block blk_2253084440592362960 of size 67108864 from /10.251.199.19
BLOCK* NameSystem.delete: blk_-1331750856499198500 is added to invalidSet of 10.251.38.53:50010
BLOCK* NameSystem.allocateBlock: /user/root/randtxt/_temporary/_task_200811092030_0003_m_001630_0/part-01630. blk_-8645365827804358878
Receiving block blk_1512136249403454074 src: /10.250.7.244:47958 dest: /10.250.7.244:50010
BLOCK* NameSystem.allocateBlock: /user/root/randtxt/_temporary/_task_200811092030_0003_m_001840_0/part-01840. blk_4210124392039605712
BLOCK* NameSystem.addStoredBlock: blockMap updated: 10.251.107.196:50010 is added to blk_-2843780069100181052 size 67108864
PacketResponder 1 for block blk_4886940526690879848 terminating
BLOCK* NameSystem.delete: blk_2149728827322918746 is added to invalidSet of 10.250.11.194:50010
Deleting block blk_-7096508472270520039 file /mnt/hadoop/dfs/data/current/subdir20/blk_-7096508472270520039
Receiving block blk_-1868325377308234190 src: /10.251.42.207:50666 dest: /10.251.42.207:50010
Deleting block blk_830855781964014378 file /mnt/hadoop/dfs/data/current/subdir48/blk_830855781964014378
Receiving block blk_-5009020203888190378 src: /10.251.199.19:52622 dest: /10.251.199.19:50010
PacketResponder 2 for block blk_-4325209272072286951 terminating
BLOCK* NameSystem.addStoredBlock: blockMap updated: 10.251.90.134:50010 is added to blk_-3184700311670257792 size 67108864
10.251.71.97:50010 Served block blk_5454332143498402824 to /10.250.15.67
Receiving block blk_-7227576651324043655 src: /10.251.107.227:40740 dest: /10.251.107.227:50010
Deleting block blk_-4941547144875557718 file /mnt/hadoop/dfs/data/current/subdir61/blk_-4941547144875557718
10.251.107.50:50010:Got exception while serving blk_-4737948505610037427 to /10.251.75.79:
PacketResponder 1 for block blk_-5569558931000121451 terminating
10.250.10.6:50010 Served block blk_1598414622053793245 to /10.251.90.239
BLOCK* NameSystem.allocateBlock: /user/root/rand/_temporary/_task_200811101024_0001_m_000206_0/part-00206. blk_-2230892279625104430
10.251.31.5:50010:Got exception while serving blk_6332892729727950039 to /10.251.123.1:
Receiving block blk_-2506231977021079951 src: /10.251.31.160:57634 dest: /10.251.31.160:50010
BLOCK* NameSystem.addStoredBlock: blockMap updated: 10.251.70.211:50010 is added to blk_5570475465835003801 size 67108864
BLOCK* NameSystem.allocateBlock: /user/root/randtxt5/_temporary/_task_200811101024_0012_m_001529_0/part-01529. blk_-826920518336899809
10.251.125.237:50010 Served block blk_-309134958179110212 to /10.251.125.237
10.251.26.177:50010:Got exception while serving blk_3848747149919646864 to /10.251.125.174:
BLOCK* NameSystem.addStoredBlock: blockMap updated: 10.251.27.63:50010 is added to blk_7838843222458775811 size 67108864
PacketResponder 2 for block blk_-4578850505370039622 terminating
BLOCK* NameSystem.delete: blk_-6640779266188771131 is added to invalidSet of 10.251.126.83:50010
BLOCK* NameSystem.addStoredBlock: blockMap updated: 10.250.7.230:50010 is added to blk_4984720043834039361 size 67108864
Receiving block blk_2735034460607366827 src: /10.251.91.15:57370 dest: /10.251.91.15:50010
Deleting block blk_-7106479503467535906 file /mnt/hadoop/dfs/data/current/subdir32/blk_-7106479503467535906
BLOCK* NameSystem.delete: blk_7177118590277025973 is added to invalidSet of 10.251.121.224:50010
PacketResponder 0 for block blk_5225719677049010638 terminating
Receiving block blk_2937758977269298350 src: /10.251.194.129:37476 dest: /10.251.194.129:50010
10.251.39.192:50010 Served block blk_6338761369201338121 to /10.251.90.81
Received block blk_2474460483915499078 of size 67108864 from /10.251.195.52
PacketResponder 2 for block blk_4404895858852856851 terminating
Deleting block blk_-4368236874477798428 file /mnt/hadoop/dfs/data/current/subdir33/blk_-4368236874477798428
BLOCK* NameSystem.allocateBlock: /user/root/randtxt/_temporary/_task_200811092030_0003_m_001597_0/part-01597. blk_-591552904934794824
BLOCK* NameSystem.allocateBlock: /user/root/randtxt2/_temporary/_task_200811101024_0002_m_000054_0/part-00054. blk_-4139299269696044017
Deleting block blk_9081834782322008396 file /mnt/hadoop/dfs/data/current/subdir40/blk_9081834782322008396
BLOCK* NameSystem.addStoredBlock: blockMap updated: 10.251.31.85:50010 is added to blk_-7017553867379051457 size 67108864
Receiving block blk_9146254623576405494 src: /10.250.7.146:60294 dest: /10.250.7.146:50010
Receiving block blk_-5892603381347650390 src: /10.250.14.143:57484 dest: /10.250.14.143:50010
BLOCK* NameSystem.delete: blk_3652427357251545055 is added to invalidSet of 10.250.10.223:50010
PacketResponder 0 for block blk_712730845180531820 terminating
10.251.214.175:50010:Got exception while serving blk_481857539063371482 to /10.251.105.189:
BLOCK* NameSystem.delete: blk_5580254744888391593 is added to invalidSet of 10.251.201.204:50010
PacketResponder 2 for block blk_6791628131402590260 terminating
Receiving block blk_-3486808304671603275 src: /10.251.30.85:37518 dest: /10.251.30.85:50010
Receiving block blk_2380775154966815858 src: /10.251.107.50:33333 dest: /10.251.107.50:50010
Deleting block blk_1838564958520120941 file /mnt/hadoop/dfs/data/current/subdir39/blk_1838564958520120941
PacketResponder 1 for block blk_38865049064139660 terminating
10.251.67.225:50010:Got exception while serving blk_-6900989714336081087 to /10.251.25.237:
10.251.90.239:50010:Got exception while serving blk_-8679916835272129336 to /10.250.15.198:
Received block blk_6446927133528675675 of size 67108864 from /10.251.39.209
Received block blk_-5785220384376578831 of size 67108864 from /10.251.203.80
Receiving block blk_-4434479572312007079 src: /10.251.30.101:60539 dest: /10.251.30.101:50010
Received block blk_3777389444004341563 of size 67108864 from /10.251.214.175
Deleting block blk_7090935285617451450 file /mnt/hadoop/dfs/data/current/subdir60/blk_7090935285617451450
Receiving block blk_-7526023914950151999 src: /10.250.5.161:48457 dest: /10.250.5.161:50010
BLOCK* NameSystem.delete: blk_1275198635723397883 is added to invalidSet of 10.251.202.134:50010
PacketResponder 0 for block blk_-5610308397633191834 terminating
BLOCK* NameSystem.addStoredBlock: blockMap updated: 10.250.15.240:50010 is added to blk_-7637577152926063076 size 67108864
Deleting block blk_6499414220139660338 file /mnt/hadoop/dfs/data/current/subdir59/blk_6499414220139660338
PacketResponder 0 for block blk_-1250775350296476256 terminating
BLOCK* NameSystem.addStoredBlock: blockMap updated: 10.251.214.32:50010 is added to blk_1389634598105954660 size 67108864
Receiving block blk_465845235850106928 src: /10.251.70.112:39499 dest: /10.251.70.112:50010
Received block blk_-7029628814943626474 of size 67108864 from /10.250.7.230
BLOCK* NameSystem.addStoredBlock: blockMap updated: 10.251.73.220:50010 is added to blk_5953577136151423920 size 67108864
Received block blk_-2094397855762091248 of size 67108864 from /10.251.126.83
Received block blk_-2935178173527646581 of size 67108864 from /10.251.65.237
Deleting block blk_22457656256024207 file /mnt/hadoop/dfs/data/current/subdir33/blk_22457656256024207
Verification succeeded for blk_2904134648927436267
10.250.7.32:50010:Got exception while serving blk_-1508527605812345693 to /10.251.74.192:
Received block blk_-997605125898553536 of size 67108864 from /10.251.30.179
PacketResponder 1 for block blk_7627900514276120558 terminating
Received block blk_-5633587983998853189 of size 67108864 from /10.251.73.220
PacketResponder 2 for block blk_4786794545180705888 terminating
Receiving block blk_-6276023454199613372 src: /10.251.65.237:34085 dest: /10.251.65.237:50010
Received block blk_4231049049582051919 of size 28496610 from /10.250.19.227
BLOCK* NameSystem.addStoredBlock: blockMap updated: 10.250.11.194:50010 is added to blk_-1635752698830216319 size 67108864
Received block blk_-3620767662957963389 of size 67108864 from /10.251.203.179
Receiving block blk_8201813022998766557 src: /10.251.203.4:51404 dest: /10.251.203.4:50010
10.251.214.32:50010 Served block blk_-6520030462660619051 to /10.251.215.70
BLOCK* NameSystem.addStoredBlock: blockMap updated: 10.251.90.239:50010 is added to blk_-5927343391895571936 size 67108864
Received block blk_8902425017314766082 of size 67108864 from /10.251.26.131
PacketResponder 1 for block blk_5114572025256210948 terminating
Deleting block blk_-8898274302731129139 file /mnt/hadoop/dfs/data/current/subdir18/blk_-8898274302731129139
BLOCK* NameSystem.delete: blk_7017399031777870797 is added to invalidSet of 10.250.5.161:50010
Received block blk_-8923698979247229952 of size 67108864 from /10.251.90.239
PacketResponder 2 for block blk_-6991853982611346454 terminating
BLOCK* NameSystem.addStoredBlock: blockMap updated: 10.250.7.244:50010 is added to blk_-6956067134432991406 size 67108864
BLOCK* NameSystem.addStoredBlock: blockMap updated: 10.251.91.229:50010 is added to blk_-4651707530079874243 size 67108864
BLOCK* NameSystem.addStoredBlock: blockMap updated: 10.251.107.19:50010 is added to blk_-2654726224018724510 size 67108864
BLOCK* NameSystem.delete: blk_7841365850685201915 is added to invalidSet of 10.251.110.68:50010
Received block blk_-8214089520956286311 of size 67108864 from /10.251.26.131
 getTodayTotalDetailSteps = 1514038440000##7053##548365##8661##16256##27202475
 getTodayTotalDetailSteps = 1514040600000##7189##549659##8661##16256##29307585
REPORT : 7071 5048 151460 240
calculateCaloriesWithCache totalCalories=0
onExtend:1514042084000 2 0 4
setTodayTotalDetailSteps=1514045160000##0##549659##8661##16256##33868758
calculateAltitudeWithCache totalAltitude=240
 getTodayTotalDetailSteps = 1514038680000##7160##548925##8661##16256##27442097
onReceive action: android.intent.action.SCREEN_ON
calculateAltitudeWithCache totalAltitude=0
calculateCaloriesWithCache totalCalories=131208
flushTempCacheToDB by stand
calculateCaloriesWithCache totalCalories=128660
calculateAltitudeWithCache totalAltitude=240
calculateCaloriesWithCache totalCalories=128467
 getTodayTotalDetailSteps = 1514038440000##7027##548365##8661##14166##27185467
calculateCaloriesWithCache totalCalories=128874
processHandleBroadcastAction action:android.intent.action.TIME_TICK
 getTodayTotalDetailSteps = 1514038500000##7054##548458##8661##16256##27204469
onExtend:1514043759000 0 0 0
 getTodayTotalDetailSteps = 1514041980000##7189##549659##8661##16256##30709030
onExtend:1514039515000 0 0 0
setTodayTotalDetailSteps=1514038740000##7187##549455##8661##16256##27449982
onReceive action: android.intent.action.SCREEN_OFF
onExtend:1514038540000 1 0 4
setTodayTotalDetailSteps=1514044320000##7214##549659##8661##16256##33064766
setTodayTotalDetailSteps=1514042520000##7214##549659##8661##16256##31239760
calculateCaloriesWithCache totalCalories=127375
onExtend:1514038530000 0 0 4
calculateAltitudeWithCache totalAltitude=240
onExtend:1514042361000 0 0 0
calculateCaloriesWithCache totalCalories=130673
calculateCaloriesWithCache totalCalories=130673
setTodayTotalDetailSteps=1514038440000##7022##548365##8661##13691##27182468
"checkFirstSyncByType no such data in db ,type is 1 deviceCode is 0"
 getTodayTotalDetailSteps = 1514038560000##7104##548581##8661##16256##27319473
processHandleBroadcastAction action:android.intent.action.TIME_TICK
calculateCaloriesWithCache totalCalories=127075
calculateCaloriesWithCache totalCalories=128039
calculateCaloriesWithCache totalCalories=128917
calculateCaloriesWithCache totalCalories=131208
calculateAltitudeWithCache totalAltitude=240
onExtend:1514046505000 0 0 5
"bulkSaveDetailHiHealthData() size = 4,totalTime = 30"
calculateAltitudeWithCache totalAltitude=240
onStandStepChanged 3638
REPORT : 7109 5075 152274 240
onReceive action: android.intent.action.SCREEN_ON
 getTodayTotalDetailSteps = 1514045340000##0##549659##8661##16256##34054759
onExtend:1514039412000 0 0 0
onStandStepChanged 3600
processHandleBroadcastAction action:android.intent.action.TIME_TICK
onStandStepChanged 3646
processHandleBroadcastAction action:android.intent.action.TIME_TICK
setTodayTotalDetailSteps=1514044320000##7214##549659##8661##16256##33039758
"startSync hiSyncOption = HiSyncOption{syncAction=1, syncMethod=2, syncScope=0, syncDataType=20000, syncModel=2, pushAction=0},app = 1 who = 1"
setTodayTotalDetailSteps=1514046240000##0##549659##8661##16256##34960758
processHandleBroadcastAction action:android.intent.action.TIME_TICK
calculateAltitudeWithCache totalAltitude=240
 getTodayTotalDetailSteps = 1514040780000##7189##549659##8661##16256##29539649
onStandStepChanged 3786
"initDataPrivacy the dataPrivacy switch is open, start push health data!"
setTodayTotalDetailSteps=1514038680000##7160##548930##8661##16256##27442416
processHandleBroadcastAction action:android.intent.action.TIME_TICK
calculateAltitudeWithCache totalAltitude=240
calculateAltitudeWithCache totalAltitude=0
REPORT : 7070 5047 151439 240
processHandleBroadcastAction action:android.intent.action.TIME_TICK
onExtend:1514038748000 3 0 4
calculateAltitudeWithCache totalAltitude=240
calculateCaloriesWithCache totalCalories=130394
insertHiHealthData() end totalTime = 45
needAutoSync autoSyncSwitch is open
onStandStepChanged 3761
onExtend:1514045375000 0 0 0
calculateCaloriesWithCache totalCalories=127332
calculateAltitudeWithCache totalAltitude=0
 getTodayTotalDetailSteps = 1514045280000##0##549659##8661##16256##34018758
setTodayTotalDetailSteps=1514044320000##7214##549659##8661##16256##33066759
onExtend:1514042085000 3 0 4
 getTodayTotalDetailSteps = 1514042160000##7214##549659##8661##16256##30906710
calculateAltitudeWithCache totalAltitude=240
 getTodayTotalDetailSteps = 1514042280000##7214##549659##8661##16256##31005759
onStandStepChanged 3614
setTodayTotalDetailSteps=1514044380000##7214##549659##8661##16256##33140770
 getTodayTotalDetailSteps = 1514045040000##0##549659##8661##16256##33767093
tryToReloadTodayBasicSteps1514044800223|3786|0|0
onExtend:1514039492000 0 0 5
onReceive action: android.intent.action.SCREEN_ON
onExtend:1514040776000 0 0 5
onExtend:1514042360000 0 0 5
calculateAltitudeWithCache totalAltitude=240
onExtend:1514044380000 0 0 0
 getDiffTotalSteps= 1514044800231##0
onExtend:1514040697000 0 0 0
onStandStepChanged 3786
processHandleBroadcastAction action:android.intent.action.TIME_TICK
onExtend:1514038539000 1 0 4
processHandleBroadcastAction action:android.intent.action.TIME_TICK
"upLoadOneMinuteDataToEngine time=25233978,0,5,0,20002"
onStandStepChanged 3603
setTodayTotalDetailSteps=1514044500000##7214##549659##8661##16256##33232763
onExtend:1514039834000 0 0 5
setTodayTotalDetailSteps=1514041560000##7189##549659##8661##16256##30314585
calculateCaloriesWithCache totalCalories=129409
onStandStepChanged 3579
calculateAltitudeWithCache totalAltitude=240
onStandStepChanged 3640
processHandleBroadcastAction action:android.intent.action.TIME_TICK
 getTodayTotalDetailSteps = 1514042100000##7214##549659##8661##16256##30827730
setTodayTotalDetailSteps=1514045280000##0##549659##8661##16256##34018758
flush sensor data
"timeStamp back,extendReportTimeStamp=1514039977000"
onExtend:1514038808000 1 0 4
processHandleBroadcastAction action:android.intent.action.TIME_TICK
onExtend:1514039112000 0 0 5
onStandStepChanged 3761
calculateCaloriesWithCache totalCalories=127204
processHandleBroadcastAction action:android.intent.action.TIME_TICK
 getTodayTotalDetailSteps = 1514044380000##7214##549659##8661##16256##33118758
setTodayTotalDetailSteps=1514038740000##7176##549149##8661##16256##27445983
processHandleBroadcastAction action:android.intent.action.TIME_TICK
onStandStepChanged 3681
calculateAltitudeWithCache totalAltitude=240
REPORT : 7083 5057 151717 240
onStandStepChanged 3761
onExtend:1514042261000 0 0 0
REPORT : 7186 5130 153924 240
calculateCaloriesWithCache totalCalories=127032
calculateAltitudeWithCache totalAltitude=240
processHandleBroadcastAction action:android.intent.action.TIME_TICK
REPORT : 7117 5081 152446 240
setTodayTotalDetailSteps=1514043540000##7214##549659##8661##16256##32258759
onExtend:1514038751000 2 0 4
calculateCaloriesWithCache totalCalories=0
REPORT : 7113 5078 152360 240
onStandStepChanged 3786
 getTodayTotalDetailSteps = 1514041560000##7189##549659##8661##16256##30315546
 getTodayTotalDetailSteps = 1514038620000##7112##548695##8661##16256##27325968
calculateCaloriesWithCache totalCalories=130673
setTodayTotalDetailSteps=1514039340000##7189##549659##8661##16256##28068666
onExtend:1514042086000 3 0 4
 getTodayTotalDetailSteps = 1514041980000##7193##549659##8661##16256##30728232
processHandleBroadcastAction action:android.intent.action.SCREEN_ON
onStandStepChanged 3786
reStartStepCounter
setTodayTotalDetailSteps=1514038440000##7026##548365##8661##14071##27184972
onExtend:1514044496000 0 0 0
calculateAltitudeWithCache totalAltitude=240
calculateAltitudeWithCache totalAltitude=240
onExtend:1514043967000 0 0 5
processHandleBroadcastAction action:android.intent.action.SCREEN_ON
calculateAltitudeWithCache totalAltitude=240
calculateCaloriesWithCache totalCalories=130673
onStandStepChanged 3704
calculateCaloriesWithCache totalCalories=130673
onReceive action: android.intent.action.SCREEN_OFF
calculateCaloriesWithCache totalCalories=131208
setTodayTotalDetailSteps=1514038440000##7040##548365##8661##15401##27193971
calculateAltitudeWithCache totalAltitude=240
 getTodayTotalDetailSteps = 1514038740000##7188##549506##8661##16256##27451985
REPORT : 7050 5033 151011 240
"initDataPrivacy the dataPrivacy switch is open, start push health data!"
calculateCaloriesWithCache totalCalories=0
setTodayTotalDetailSteps=1514038680000##7130##548890##8661##16256##27394969
onExtend:1514038798000 0 0 4
onStandStepChanged 3674
 getTodayTotalDetailSteps = 1514040600000##7189##549659##8661##16256##29341612
calculateCaloriesWithCache totalCalories=127054
onExtend:1514038534000 1 0 4
REPORT : 7189 5132 153988 240
 getTodayTotalDetailSteps = 1514038680000##7139##548905##8661##16256##27396473
onExtend:1514038750000 2 0 4
processHandleBroadcastAction action:android.intent.action.TIME_TICK
onStandStepChanged 3786
calculateCaloriesWithCache totalCalories=130501
onStandStepChanged 3685
calculateCaloriesWithCache totalCalories=130673
processHandleBroadcastAction action:android.intent.action.TIME_TICK
onStandStepChanged 3786
calculateAltitudeWithCache totalAltitude=240
calculateCaloriesWithCache totalCalories=130673
 getTodayTotalDetailSteps = 1514044560000##7214##549659##8661##16256##33306763
onExtend:1514043974000 0 0 0
onStandStepChanged 3686
onExtend:1514045410000 0 0 0
calculateCaloriesWithCache totalCalories=128510
processHandleBroadcastAction action:android.intent.action.TIME_TICK
processHandleBroadcastAction action:android.intent.action.SCREEN_ON
calculateCaloriesWithCache totalCalories=0
REPORT : 7015 5008 150261 240
checkInsertStatus stepSum or calorieSum is enough
setTodayTotalDetailSteps=1514042160000##7214##549659##8661##16256##30906710
onExtend:1514042064000 0 0 5
writeDataToDB size 327
onStandStepChanged 3598
 getTodayTotalDetailSteps = 1514045100000##0##549659##8661##16256##33821183
setTodayTotalDetailSteps=1514040600000##7189##549659##8661##16256##29341927
calculateCaloriesWithCache totalCalories=131208
 getTodayTotalDetailSteps = 1514043900000##7214##549659##8661##16256##32618758
"saveStatData() type =40004,time = 1513958400000,statClient = 2,who is 1"
 getTodayTotalDetailSteps = 1514041980000##7191##549659##8661##16256##30727229
 getTodayTotalDetailSteps = 1514044500000##7214##549659##8661##16256##33217764
onExtend:1514038561000 0 0 0
REPORT : 7214 5150 154523 240
calculateCaloriesWithCache totalCalories=130737
calculateCaloriesWithCache totalCalories=130673
calculateCaloriesWithCache totalCalories=131165
calculateCaloriesWithCache totalCalories=129923
 getTodayTotalDetailSteps = 1514041620000##7189##549659##8661##16256##30333554
onExtend:1514038813000 0 0 0
needAutoSync autoSyncSwitch is open
 getTodayTotalDetailSteps = 1514044380000##7214##549659##8661##16256##33140770
calculateCaloriesWithCache totalCalories=131208
onStandStepChanged 3786
calculateAltitudeWithCache totalAltitude=240
processHandleBroadcastAction action:android.intent.action.TIME_TICK
calculateCaloriesWithCache totalCalories=131208
setTodayTotalDetailSteps=1514044320000##7214##549659##8661##16256##33075759
onStandStepChanged 3786
setTodayTotalDetailSteps=1514038740000##7189##549557##8661##16256##27452491
 getTodayTotalDetailSteps = 1514038560000##7054##548552##8661##16256##27283470
normal
normal
ServerFileSystem: ServerFileSystem domain root22_local is full
Linkerror event interval expired
not responding
boot  (command 2616)
Fan speeds ( 3552 3534 3375 **** 3515 3479 )
normal
Linkerror event interval expired
wait  (command 2517)
ambient=35
normal
ambient=30
ambient=28
ambient=25
running
normal
normal
not responding
warning
link errors remain current
Linkerror event interval expired
ambient=29
normal
Linkerror event interval expired
wait  (command 2468)
warning
normal
warning
ambient=25
normal
boot  (command 2316)
running
Linkerror event interval expired
normal
Linkerror event interval expired
running
Fan speeds ( 3552 3534 3375 **** 3515 3479 )
configured out
warning
Linkerror event interval expired
running
warning
ambient=36
configured out
ambient=32
Linkerror event interval expired
wait  (command 3709)
ambient=30
running
NIFF: node node-26 has detected an available network connection on network 5.5.226.0 via interface alt0
boot  (command 3696)
Linkerror event interval expired
ambient=33
running
Link error
warning
link errors remain current
ambient=27
warning
wait  (command 2885)
warning
warning
Linkerror event interval expired
normal
ClusterFileSystem: ServerFileSystem domain root23_local is no longer served by node node-182
NIFF: node node-189 has detected an available network connection on network 5.5.224.0 via interface alt0
link errors remain current
Linkerror event interval expired
ambient=26
configured out
ambient=27
Linkerror event interval expired
not responding
running
normal
Linkerror event interval expired
not responding
warning
configured out
Linkerror event interval expired
ambient=28
Linkerror event interval expired
ambient=33
Linkerror event interval expired
Linkerror event interval expired
Linkerror event interval expired
Linkerror event interval expired
normal
not responding
Fan speeds ( 3552 3534 3375 **** 3515 3479 )
NIFF: node node-189 has detected an available network connection on network 10.128.0.0 via interface ee0
Linkerror event interval expired
Fan speeds ( 3552 3534 3375 4245 3515 3479 )
Fan speeds ( 3552 3534 3375 **** 3515 3479 )
Linkerror event interval expired
NIFF: node node-44 has detected an available network connection on network 5.5.224.0 via interface alt0
ambient=30
not-responding
boot  (command 3939)
wait  (command 4061)
Linkerror event interval expired
configured out
not responding
Linkerror event interval expired
NIFF: node node-162 detected a failed network connection on network 5.5.224.0 via interface alt0
ambient=28
Linkerror event interval expired
Linkerror event interval expired
ClusterFileSystem: There is no server for ServerFileSystem domain storage112
boot  (command 2584)
Linkerror event interval expired
configured out
warning
ambient=31
NIFF: node node-214 has detected an available network connection on network 5.5.226.0 via interface alt0
Linkerror event interval expired
boot  (command 1981)
Linkerror event interval expired
warning
running
ambient=26
wait  (command 4221)
Component State Change: Component \042alt0\042 is in the unavailable state (HWID=2478)
ambient=28
boot  (command 1911)
Linkerror event interval expired
configured out
Linkerror event interval expired
Linkerror event interval expired
warning
wait  (command 4176)
wait  (command 2322)
configured out
running
ambient=32
normal
NIFF: node node-205 has detected an available network connection on network 10.128.0.0 via interface ee0
Linkerror event interval expired
Linkerror event interval expired
ClusterFileSystem: ServerFileSystem domain cluster_var_backup is no longer served by node node-224
Linkerror event interval expired
link errors remain current
Linkerror event interval expired
warning
ClusterFileSystem: ServerFileSystem domain root14_tmp is no longer served by node node-45
running
not responding
not responding
running
warning
NIFF: node node-29 has detected an available network connection on network 10.128.0.0 via interface ee0
ClusterFileSystem: There is no server for ServerFileSystem domain storage1231
link errors remain current
Linkerror event interval expired
normal
Fan speeds ( 3552 3534 3375 **** 3515 3479 )
Linkerror event interval expired
Linkerror event interval expired
normal
ambient=28
warning
ambient=31
normal
running
configured out
not responding
Linkerror event interval expired
ambient=27
Linkerror event interval expired
Linkerror event interval expired
ambient=35
not responding
critical
Linkerror event interval expired
Linkerror event interval expired
NIFF: node node-176 has detected an available network connection on network 10.128.0.0 via interface ee0
ambient=37
Targeting domains:node-D[0\ 5] and nodes:node-[27\ 191]
NIFF: node node-87 has detected an available network connection on network 5.5.224.0 via interface alt0
ambient=30
Linkerror event interval expired
normal
link errors remain current
normal
ServerFileSystem: ServerFileSystem domain root13_local is full
warning
Link error on broadcast tree Interconnect-1T00:00:2:0
normal
link errors remain current
Linkerror event interval expired
warning
normal
wait  (command 2424)
warning
ambient=30
running
normal
wait  (command 4219)
active
Linkerror event interval expired
Linkerror event interval expired
Linkerror event interval expired
running
normal
ambient=26
ClusterFileSystem: There is no server for ServerFileSystem domain storage1031
running
Linkerror event interval expired
running
Linkerror event interval expired
NIFF: node node-24 has detected an available network connection on network 10.128.0.0 via interface ee0
warning
warning
normal
wait  (command 3525)
ClusterFileSystem: ServerFileSystem domain root9_domain is no longer served by node node-224
Link ok
ClusterFileSystem: There is no server for ServerFileSystem domain storage131
boot  (command 3194)
configured out
normal
en0::IO80211Interface::postMessage bssid changed
ARPT: 770712.519828: framerdy 0x0 bmccmd 3 framecnt 1024
"ARPT: 712221.085635: wl0: wl_update_tcpkeep_seq: Updated seq/ack/win from UserClient Seq 70582765, Ack 3488103719, Win size 358"
Sandbox: QQ(10018) deny(1) mach-lookup com.apple.networking.captivenetworksupport
Error returned from iconservicesagent: (null)
AppleCamIn::systemWakeCall - messageType = 0xE0000340
Captive: [CNInfoNetworkActive:1748] en0: SSID 'CalVisitor' making interface primary (cache indicates network not captive)
"com.apple.suggestions.harvest: scheduler_evaluate_activity told me to run this job; however, but the start time isn't for 16227 seconds.  Ignoring."
-[ISGenerateImageOp generateImageWithCompletion:] Failed to composit image for descriptor <ISBindingImageDescriptor: 0x7f9951105bf0>.
AppleCamIn::handleWakeEvent_gated
tcp_connection_handle_connect_conditions_bad 23645 failed: 3 - No network route
KeychainGetICDPStatus: status: off
"com.apple.icloud.fmfd.heartbeat: scheduler_evaluate_activity told me to run this job; however, but the start time isn't for 318156 seconds.  Ignoring."
[20:20:37.119] <<<< Boss >>>> figPlaybackBossPrerollCompleted: unexpected preroll-complete notification
2017-07-06 14:57:16.261 ksfetch[37061/0x7fff79824000] [lvl=2] KSHelperReceiveAllData() KSHelperTool read 1999 bytes from stdin.
button report: 0x8002bdf
dnssd_clientstub ConnectToServer: connect()-> No of tries: 2
"Page bounds {{0, 0}, {400, 400}}"
Received Capture Event
"Path not allowed in target domain: type = pid, path = /System/Library/StagedFrameworks/Safari/SafariShared.framework/Versions/A/XPCServices/com.apple.Safari.SocialHelper.xpc/Contents/MacOS/com.apple.Safari.SocialHelper error = 147: The specified service did not ship in the requestor's bundle, origin = /System/Library/StagedFrameworks/Safari/WebKit.framework/Versions/A/XPCServices/com.apple.WebKit.WebContent.xpc"
tcp_connection_handle_connect_conditions_bad 21503 failed: 3 - No network route
AppleActuatorDeviceUserClient::start Entered
Received Capture Event
ARPT: 683779.928118: framerdy 0x0 bmccmd 3 framecnt 1024
Unrecognized attribute value: t:AbchPersonItemType
<IMMacNotificationCenterManager: 0x7fdcc9d16380>:    NC Disabled: NO
"hibernate_alloc_pages act 107794, inact 10088, anon 460, throt 0, spec 58021, wire 572831, wireinit 39927"
Error returned from iconservicesagent: (null)
ARPT: 621492.770239: AirPort_Brcm43xx::platformWoWEnable: WWEN[disable]
tcp_connection_handle_connect_conditions_bad 26042 failed: 3 - No network route
11:07:29.673 : Purged contact hashes
"ARPT: 620749.901374: IOPMPowerSource Information: onSleep,  SleepType: Normal Sleep,  'ExternalConnected': Yes, 'TimeRemaining': 0,"
-[UABestAppSuggestionManager notifyBestAppChanged:type:options:bundleIdentifier:activityType:dynamicIdentifier:when:confidence:deviceName:deviceIdentifier:deviceType:] (null) UASuggestedActionType=0 (null)/(null) opts=(null) when=2017-07-03 09:32:01 +0000 confidence=1 from=(null)/(null) (UABestAppSuggestionManager.m #319)
"device_generate_desktop_screenshot: authw 0x7fa823c89600(2000), shield 0x7fa8258cac00(2001)"
full wake request (reason 2) 30914 ms
"IO80211AWDLPeerManager::setAwdlSuspendedMode() Suspending AWDL, enterQuietMode(true)"
AirPort: Link Up on awdl0
Location icon should now be in state 'Active'
IO80211AWDLPeerManager::setAwdlOperatingMode Setting the AWDL operation mode from AUTO to SUSPENDED
Cocoa scripting error for '0x02740004': four character codes must be four characters long.
dnssd_clientstub ConnectToServer: connect()-> No of tries: 1
AppleCamIn::wakeEventHandlerThread
"device_generate_lock_screen_screenshot: authw 0x7fa82502bc00(2000)[0, 0, 0, 0] shield 0x7fa823930c00(2001), dev [1440,900]"
Location icon should now be in state 'Inactive'
2017-07-08 06:26:32.365 GoogleSoftwareUpdateAgent[39159/0x7000002a0000] [lvl=2] -[KSAgentApp(KeystoneThread) runKeystonesInThreadWithArg:] About to run checks for any other apps.
__73-[NetworkAnalyticsEngine observeValueForKeyPath:ofObject:change:context:]_block_invoke unexpected switch value 2
Received Capture Event
AirPort: Link Up on en0
en0: BSSID changed to 88:75:56:a0:95:ed
IOThunderboltSwitch<0>(0x0)::listenerCallback - Thunderbolt HPD packet for route = 0x0 port = 11 unplug = 0
[01:11:06.715] FigAgglomeratorSetObjectForKey signalled err=-16020 (kFigStringConformerError_ParamErr) (NULL key) at /Library/Caches/com.apple.xbs/Sources/CoreMedia/CoreMedia-1731.15.207/Prototypes/LegibleOutput/FigAgglomerator.c line 92
Thermal pressure state: 1 Memory pressure state: 0
"com.apple.Safari.SafeBrowsing.Update: scheduler_evaluate_activity told me to run this job; however, but the start time isn't for 1277 seconds.  Ignoring."
Wake reason: ARPT (Network)
"com.apple.icloud.fmfd.heartbeat: scheduler_evaluate_activity told me to run this job; however, but the start time isn't for 488163 seconds.  Ignoring."
"securityd_xpc_dictionary_handler cloudd[326] copy_matching Error Domain=NSOSStatusErrorDomain Code=-50 ""query missing class name"" (paramErr: error in user parameter list) UserInfo={NSDescription=query missing class name}"
could discard act 74490 inact 9782 purgeable 34145 spec 56242 cleaned 0
"CCFile::copyFile fileName is [2017-07-03_16,06,19.861073]-CCIOReporter-008.xml, source path:/var/log/CoreCapture/com.apple.iokit.IO80211Family/OneStats//[2017-07-03_16,06,19.861073]-CCIOReporter-008.xml, dest path:/Library/Logs/CrashReporter/CoreCapture/com.apple.iokit.IO80211Family/[2017-07-03_16,07,33.914349]=AuthFail:sts:5_rsn:0/OneStats//[2017-07-03_16,06,19.861073]-CCIOReporter-008.xml"
sigio_handler: sigio_handler_active != 1
AppleCamIn::systemWakeCall - messageType = 0xE0000300
"com.apple.icloud.fmfd.heartbeat: scheduler_evaluate_activity told me to run this job; however, but the start time isn't for 206840 seconds.  Ignoring."
[15:47:25.614] <<<< Boss >>>> figPlaybackBossPrerollCompleted: unexpected preroll-complete notification
"com.apple.icloud.fmfd.heartbeat: scheduler_evaluate_activity told me to run this job; however, but the start time isn't for 182511 seconds.  Ignoring."
############################## _getSysMsgList
KeychainGetICDPStatus: keychain: -25300
ARPT: 770597.394609: AQM agg params 0xfc0 maxlen hi/lo 0x0 0xffff minlen 0x0 adjlen 0x0
ARPT: 682468.243133: AirPort_Brcm43xx::platformWoWEnable: WWEN[disable]
"CCFile::copyFile fileName is [2017-07-03_16,27,04.995982]-io80211Family-040.pcapng, source path:/var/log/CoreCapture/com.apple.iokit.IO80211Family/IO80211AWDLPeerManager//[2017-07-03_16,27,04.995982]-io80211Family-040.pcapng, dest path:/Library/Logs/CrashReporter/CoreCapture/com.apple.iokit.IO80211Family/[2017-07-03_16,27,05.123034]=AuthFail:sts:5_rsn:0/IO80211AWDLPeerManager//[2017-07-03_16,27,04.995982]-io80211Family-040.pcapng"
01:42:26.004 : BTLE scanning stopped
**** [BroadcomBluetoothHostController][SetupController] -- Delay HCI Reset by 300ms  ****
"com.apple.CacheDelete.daily: scheduler_evaluate_activity told me to run this job; however, but the start time isn't for 65558 seconds.  Ignoring."
Cocoa scripting error for '0x00990013': four character codes must be four characters long.
"com.apple.Safari.SafeBrowsing.Update: scheduler_evaluate_activity told me to run this job; however, but the start time isn't for 2262 seconds.  Ignoring."
button report: 0X80076ED
AppleThunderboltNHIType2::waitForOk2Go2Sx - retries = 5
IO80211AWDLPeerManager::setAwdlOperatingMode Setting the AWDL operation mode from AUTO to SUSPENDED
Location icon should now be in state 'Inactive'
tcp_connection_handle_connect_conditions_bad 21502 failed: 3 - No network route
__73-[NetworkAnalyticsEngine observeValueForKeyPath:ofObject:change:context:]_block_invoke unexpected switch value 2
AirPort: Link Up on en0
"setting hostname to ""calvisitor-10-105-162-124.calvisitor.1918.berkeley.edu"""
AppleThunderboltNHIType2::prePCIWake - power up complete - took 1 us
"com.apple.Safari.SafeBrowsing.Update: scheduler_evaluate_activity told me to run this job; however, but the start time isn't for 106 seconds.  Ignoring."
"network_reachability_changed : network is not reachable, netbiosd is shutting down"
AppleCamIn::systemWakeCall - messageType = 0xE0000340
after trim url = https://www.google.com/_/chrome/newtab?rlz=1C5CHFA_enHK732HK732&espv=2&ie=UTF-8
IOThunderboltSwitch<0>(0x0)::listenerCallback - Thunderbolt HPD packet for route = 0x0 port = 12 unplug = 0
"CCFile::captureLog Received Capture notice id: 1499469856.145137, reason = AssocFail:sts:2_rsn:0"
"com.apple.EscrowSecurityAlert.daily: scheduler_evaluate_activity told me to run this job; however, but the start time isn't for 2350 seconds.  Ignoring."
AppleCamIn::systemWakeCall - messageType = 0xE0000340
ARPT: 698152.085457: AirPort_Brcm43xx::powerChange: System Sleep
ARPT: 682068.402171: framerdy 0x0 bmccmd 7 framecnt 1024
IO80211AWDLPeerManager::setAwdlOperatingMode Setting the AWDL operation mode from SUSPENDED to AUTO
Cocoa scripting error for '0x025c0009': four character codes must be four characters long.
"com.apple.EscrowSecurityAlert.daily: scheduler_evaluate_activity told me to run this job; however, but the start time isn't for 177 seconds.  Ignoring."
en0: 802.11d country code set to 'X3'.
dnssd_clientstub ConnectToServer: connect()-> No of tries: 3
"RTC: Maintenance 2017/7/3 21:47:58, sleep 2017/7/3 21:35:20"
"ARPT: 762603.017378: wl0: setup_keepalive: Local port: 62991, Remote port: 443"
"[QL] No sandbox token for request <QLThumbnailRequest vmware-usbarb-25037.log>, it will probably fail"
IOThunderboltSwitch<0>(0x0)::listenerCallback - Thunderbolt HPD packet for route = 0x0 port = 12 unplug = 0
"com.apple.icloud.fmfd.heartbeat: scheduler_evaluate_activity told me to run this job; however, but the start time isn't for 139095 seconds.  Ignoring."
tcp_connection_tls_session_error_callback_imp 2375 __tcp_connection_tls_session_callback_write_block_invoke.434 error 22
AppleThunderboltGenericHAL::earlyWake - complete - took 1 milliseconds
AppleThunderboltNHIType2::prePCIWake - power up complete - took 2 us
"SOSAccountThisDeviceCanSyncWithCircle sync with device failure: Error Domain=com.apple.security.sos.error Code=1035 ""Account identity not set"" UserInfo={NSDescription=Account identity not set}"
-[ISGenerateImageOp generateImageWithCompletion:] Failed to composit image for descriptor <ISBindingImageDescriptor: 0x7f9950606790>.
"SOSAccountThisDeviceCanSyncWithCircle sync with device failure: Error Domain=com.apple.security.sos.error Code=1035 ""Account identity not set"" UserInfo={NSDescription=Account identity not set}"
tcp_connection_destination_perform_socket_connect 44073 connectx to 123.125.50.30:143@0 failed: [50] Network is down
ARPT: 739253.582611: wlc_dump_aggfifo:
RTC: PowerByCalendarDate setting ignored
IOThunderboltSwitch<0>(0x0)::listenerCallback - Thunderbolt HPD packet for route = 0x0 port = 12 unplug = 0
ASL Sender Statistics
Sandbox: com.apple.Addres(35286) deny(1) network-outbound /private/var/run/mDNSResponder
"com.apple.EscrowSecurityAlert.daily: scheduler_evaluate_activity told me to run this job; however, but the start time isn't for 26744 seconds.  Ignoring."
send_datagram_available_ping: pid 445 failed to act on a ping it dequeued before timing out.
AppleCamIn::systemWakeCall - messageType = 0xE0000340
"CCFile::captureLogRun Skipping current file Dir file [2017-07-03_16,05,51.177343]-io80211Family-003.pcapng, Current File [2017-07-03_16,05,51.177343]-io80211Family-003.pcapng"
"CCFile::captureLogRun Skipping current file Dir file [2017-07-07_13,38,23.338868]-AirPortBrcm4360_Logs-013.txt, Current File [2017-07-07_13,38,23.338868]-AirPortBrcm4360_Logs-013.txt"
Location icon should now be in state 'Inactive'
[com.apple.calendar.store.log.caldav.queue] [Adding [<CalDAVAccountRefreshQueueableOperation: 0x7fa11d67f3b0; Sequence: 0>] to failed operations.]
[BluetoothHIDDeviceController]ERROR: Could not find the disconnected object
ARPT: 739668.778627: AirPort_Brcm43xx::powerChange: System Sleep
"com.apple.icloud.fmfd.heartbeat: scheduler_evaluate_activity told me to run this job; however, but the start time isn't for 151433 seconds.  Ignoring."
dnssd_clientstub ConnectToServer: connect() failed path:/var/run/mDNSResponder Socket:4 Err:-1 Errno:1 Operation not permitted
"2017-07-02 10:40:07.676 GoogleSoftwareUpdateAgent[32012/0x7000002a0000] [lvl=2] -[KSAgentApp updateProductWithProductID:usingEngine:] Checking for updates for ""com.google.Keystone"" using engine <KSUpdateEngine:0x100313e70 ticketStore=<KSPersistentTicketStore:0x100332a60 store=<KSKeyedPersistentStore:0x100315fa0 path=""/Users/xpc/Library/Google/GoogleSoftwareUpdate/TicketStore/Keystone.ticketstore"" lockFile=<KSLockFile:0x1003176d0 path=""/Users/xpc/Library/Google/GoogleSoftwareUpdate/TicketStore/Keystone.ticketstore.lock"" locked=NO > >> processor=<KSActionProcessor:0x1003143e0 delegate=<KSUpdateEngine:0x100313e70> isProcessing=NO actionsCompleted=0 progress=0.00 errors=0 currentActionErrors=0 events=0 currentActionEvents=0 actionQueue=( ) > delegate=(null) serverInfoStore=<KSServerPrivateInfoStore:0x100311a10 path=""/Users/xpc/Library/Google/GoogleSoftwareUpdate/Servers""> errors=0 >"
"polled file major 1, minor 0, blocksize 4096, pollers 5"
dnssd_clientstub ConnectToServer: connect()-> No of tries: 2
in6_unlink_ifa: IPv6 address 0x77c911453a6db3ab has no prefix
[com.apple.calendar.store.log.caldav.coredav] [Refusing to parse response to PROPPATCH because of content-type: [text/html; charset=UTF-8].]
AppleThunderboltNHIType2::waitForOk2Go2Sx - intel_rp = 1 dlla_reporting_supported = 0
"com.apple.icloud.fmfd.heartbeat: scheduler_evaluate_activity told me to run this job; however, but the start time isn't for 206850 seconds.  Ignoring."
ARPT: 682466.260119: wl0: leaveModulePoweredForOffloads: Wi-Fi will stay on.
ARPT: 682827.873728: AQM agg results 0x8001 len hi/lo: 0x0 0x26 BAbitmap(0-3) 0 0 0 0
"IO80211AWDLPeerManager::setAwdlSuspendedMode() Suspending AWDL, enterQuietMode(true)"
AppleThunderboltGenericHAL::earlyWake - complete - took 0 milliseconds
ARPT: 698055.177765: AirPort_Brcm43xx::platformWoWEnable: WWEN[disable]
ARPT: 699878.306468: AirPort_Brcm43xx::syncPowerState: WWEN[enabled]
did discard act 12083 inact 17640 purgeable 20264 spec 28635 cleaned 0
"CCFile::captureLog Received Capture notice id: 1499288667.956536, reason = AuthFail:sts:5_rsn:0"
Cocoa scripting error for '0x007c0018': four character codes must be four characters long.
ARPT: 621738.114066: AirPort_Brcm43xx::platformWoWEnable: WWEN[enable]
21:58:33.765 ERROR:    177: timed out after 15.000s (0 0); mMajorChangePending=0
-[NETClientConnection effectiveBundleID] using process name apsd as bundle ID (this is expected for daemons without bundle ID
"CCFile::captureLogRun Skipping current file Dir file [2017-07-03_16,05,51.075268]-AirPortBrcm4360_Logs-005.txt, Current File [2017-07-03_16,05,51.075268]-AirPortBrcm4360_Logs-005.txt"
"doSaveChannels@286: Will write to: /Library/Logs/CrashReporter/CoreCapture/IOReporters/[2017-07-05_16,24,29.663045] - AuthFail:sts:5_rsn:0.xml"
"PM response took 129 ms (10018, QQ)"
"com.apple.icloud.fmfd.heartbeat: scheduler_evaluate_activity told me to run this job; however, but the start time isn't for 207556 seconds.  Ignoring."
AppleCamIn::systemWakeCall - messageType = 0xE0000340
"com.apple.EscrowSecurityAlert.daily: scheduler_evaluate_activity told me to run this job; however, but the start time isn't for 10602 seconds.  Ignoring."
[14:33:25.556] FigAgglomeratorSetObjectForKey signalled err=-16020 (kFigStringConformerError_ParamErr) (NULL key) at /Library/Caches/com.apple.xbs/Sources/CoreMedia/CoreMedia-1731.15.207/Prototypes/LegibleOutput/FigAgglomerator.c line 92
"RTC: Maintenance 2017/7/1 21:52:00, sleep 2017/7/1 21:39:51"
send_datagram_available_ping: pid 445 failed to act on a ping it dequeued before timing out.
21:07:16.729 : Scanning mode Contacts Only
-[NetworkAnalyticsEngine _writeJournalRecord:fromCellFingerprint:key:atLOI:ofKind:lqm:isFaulty:] Hashing of the primary key failed. Dropping the journal record.
"ARPT: 711749.913729: IOPMPowerSource Information: onSleep,  SleepType: Normal Sleep,  'ExternalConnected': Yes, 'TimeRemaining': 0,"
Captive: CNPluginHandler en0: Inactive
"CCFile::captureLogRun Skipping current file Dir file [2017-07-03_13,48,39.362458]-CCIOReporter-002.xml, Current File [2017-07-03_13,48,39.362458]-CCIOReporter-002.xml"
tcp_connection_tls_session_error_callback_imp 2115 __tcp_connection_tls_session_callback_write_block_invoke.434 error 22
[16:57:09.235] <<<< Boss >>>> figPlaybackBossPrerollCompleted: unexpected preroll-complete notification
"NETWORK: requery, 0, 0, 0, 0, 291, items, fQueryRetries, 0, fLastRetryTimestamp, 521048893.3"
18:35:05.187 : Scanning mode Contacts Only
"CCFile::captureLogRun Skipping current file Dir file [2017-07-06_12,00,58.629029]-AirPortBrcm4360_Logs-007.txt, Current File [2017-07-06_12,00,58.629029]-AirPortBrcm4360_Logs-007.txt"
"Path not allowed in target domain: type = pid, path = /System/Library/StagedFrameworks/Safari/SafariShared.framework/Versions/A/XPCServices/com.apple.Safari.SocialHelper.xpc/Contents/MacOS/com.apple.Safari.SocialHelper error = 147: The specified service did not ship in the requestor's bundle, origin = /System/Library/StagedFrameworks/Safari/WebKit.framework/Versions/A/XPCServices/com.apple.WebKit.WebContent.xpc"
**** [BroadcomBluetoothHostControllerUSBTransport][start] -- Completed (matched on Device) -- 0x8800 ****
IO80211AWDLPeerManager::setAwdlOperatingMode Setting the AWDL operation mode from AUTO to SUSPENDED
Session 101800 destroyed
11:46:19.229 : Finished generating hashes
"USBMSC Identifier (non-unique): 000000000820 0x5ac 0x8406 0x820, 3"
Cocoa scripting error for '0x023d0001': four character codes must be four characters long.
Daemon connection invalidated!
"com.apple.Safari.SafeBrowsing.Update: scheduler_evaluate_activity told me to run this job; however, but the start time isn't for 2165 seconds.  Ignoring."
AppleCamIn::handleWakeEvent_gated
ARPT: 627355.597577: ARPT: Wake Reason: Wake on Scan offload
"com.apple.SoftwareUpdate.Activity: scheduler_evaluate_activity told me to run this job; however, but the start time isn't for 4045 seconds.  Ignoring."
QQ(10018) deny mach-lookup com.apple.networking.captivenetworksupport
"com.apple.suggestions.harvest: scheduler_evaluate_activity told me to run this job; however, but the start time isn't for 35003 seconds.  Ignoring."
AppleCamIn::wakeEventHandlerThread
ARPT: 673078.174655: AirPort_Brcm43xx::platformWoWEnable: WWEN[disable]
"USBMSC Identifier (non-unique): 000000000820 0x5ac 0x8406 0x820, 3"
ARPT: 682834.192587: wlc_dump_aggfifo:
AppleCamIn::systemWakeCall - messageType = 0xE0000340
18:37:30.916 : BTLE scanner Powered Off
WARNING: hibernate_page_list_setall skipped 19622 xpmapped pages
"ARPT: 699352.804212: wl0: wl_update_tcpkeep_seq: Updated seq/ack/win from UserClient Seq 2794574676, Ack 1746081928, Win size 278"
en0: manual intervention required!
en0: BSSID changed to 5c:50:15:36:bc:03
"USBMSC Identifier (non-unique): 000000000820 0x5ac 0x8406 0x820, 3"
Cocoa scripting error for '0x023b0003': four character codes must be four characters long.
ARPT: 626132.740936: AirPort_Brcm43xx::platformWoWEnable: WWEN[disable]
"com.apple.CacheDelete.daily: scheduler_evaluate_activity told me to run this job; however, but the start time isn't for 14028 seconds.  Ignoring."
"ARPT: 712918.575461: IOPMPowerSource Information: onSleep,  SleepType: Normal Sleep,  'ExternalConnected': Yes, 'TimeRemaining': 0,"
IO80211AWDLPeerManager::setAwdlAutoMode Resuming AWDL
"CCFile::captureLogRun Skipping current file Dir file [2017-07-06_12,03,02.449748]-AirPortBrcm4360_Logs-037.txt, Current File [2017-07-06_12,03,02.449748]-AirPortBrcm4360_Logs-037.txt"
CFNetwork SSLHandshake failed (-9802)
__42-[NETClientConnection evaluateCrazyIvan46]_block_invoke CI46 - Hit by torpedo! QQ.10018 tc22930 125.39.240.34:14000
AppleThunderboltNHIType2::waitForOk2Go2Sx - retries = 7
network changed: v4(en0:10.105.162.105) v6(en0+:2607:f140:6000:8:c6b3:1ff:fecd:467f) DNS! Proxy SMB
dnssd_clientstub ConnectToServer: connect()-> No of tries: 3
Wake reason: ARPT (Network)
02:18:39.156 : BTLE scanner Powered On
en0::IO80211Interface::postMessage bssid changed
"CCFile::captureLogRun Skipping current file Dir file [2017-07-05_11,01,55.983179]-AirPortBrcm4360_Logs-006.txt, Current File [2017-07-05_11,01,55.983179]-AirPortBrcm4360_Logs-006.txt"
"CCFile::captureLogRun Skipping current file Dir file [2017-07-06_14,15,59.644892]-CCIOReporter-007.xml, Current File [2017-07-06_14,15,59.644892]-CCIOReporter-007.xml"
Sandbox: com.apple.Addres(33493) deny(1) network-outbound /private/var/run/mDNSResponder
"setting hostname to ""authorMacBook-Pro.local"""
Sandbox: com.apple.Addres(31328) deny(1) network-outbound /private/var/run/mDNSResponder
Unrecognized attribute value: t:AbchPersonItemType
dnssd_clientstub ConnectToServer: connect()-> No of tries: 1
assertion failed: 15G1510: com.apple.telemetry + 38574 [10D2E324-788C-30CC-A749-55AE67AEC7BC]: 0x7fc235807b90
"com.apple.suggestions.harvest: scheduler_evaluate_activity told me to run this job; however, but the start time isn't for 15002 seconds.  Ignoring."
"ARPT: 621686.164365: wl0: setup_keepalive: Local port: 62614, Remote port: 443"
com.apple.Addres(35762) deny network-outbound /private/var/run/mDNSResponder
en0: Supported channels 1 2 3 4 5 6 7 8 9 10 11 12 13 36 40 44 48 52 56 60 64 100 104 108 112 116 120 124 128 132 136 140 144 149 153 157 161
"Configuration Notice: ASL Module ""com.apple.performance"" claims selected messages. Those messages may not appear in standard system log files or in the ASL database."
"CCFile::captureLogRun Skipping current file Dir file [2017-07-07_13,38,24.371339]-CCIOReporter-019.xml, Current File [2017-07-07_13,38,24.371339]-CCIOReporter-019.xml"
CCFile::captureLogRun() Exiting CCFile::captureLogRun
CCFile::captureLogRun() Exiting CCFile::captureLogRun
"Path not allowed in target domain: type = pid, path = /System/Library/StagedFrameworks/Safari/SafariShared.framework/Versions/A/XPCServices/com.apple.Safari.History.xpc/Contents/MacOS/com.apple.Safari.History error = 147: The specified service did not ship in the requestor's bundle, origin = /System/Library/StagedFrameworks/Safari/WebKit.framework/Versions/A/XPCServices/com.apple.WebKit.WebContent.xpc"
[HID] [MT] MTActuatorManagement::getActuatorRef Calling MTActuatorOpen() outside of MTTrackpadHIDManager.
AppleThunderboltNHIType2::prePCIWake - power up complete - took 1 us
"en0: channel changed to 132,+1"
AppleThunderboltGenericHAL::earlyWake - complete - took 0 milliseconds
"CFPasteboardRef CFPasteboardCreate(CFAllocatorRef, CFStringRef) : failed to create global data"
"10.11.10.1 ""GET /v2/54fadb412c4e40cdbaed9335e4c35a9e/servers/detail HTTP/1.1"" status: 200 len: 1893 time: 0.2646010"
"10.11.10.1 ""GET /v2/54fadb412c4e40cdbaed9335e4c35a9e/servers/detail HTTP/1.1"" status: 200 len: 1910 time: 0.2587130"
image 0673dd71-34c5-4fbb-86c4-40623fbe45b4 at (/var/lib/nova/instances/_base/a489c868f0c37da93b76227c91bb03908ac0e742): checking
image 0673dd71-34c5-4fbb-86c4-40623fbe45b4 at (/var/lib/nova/instances/_base/a489c868f0c37da93b76227c91bb03908ac0e742): checking
[instance: 70c1714b-c11b-4c88-b300-239afe1f5ff8] Terminating instance
"10.11.10.1 ""GET /v2/54fadb412c4e40cdbaed9335e4c35a9e/servers/detail HTTP/1.1"" status: 200 len: 1893 time: 0.2614942"
[instance: c62f4f25-982c-4ea2-b5e4-93000edfcfbf] VM Resumed (Lifecycle Event)
"10.11.10.1 ""GET /v2/54fadb412c4e40cdbaed9335e4c35a9e/servers/detail HTTP/1.1"" status: 200 len: 1893 time: 0.2734950"
image 0673dd71-34c5-4fbb-86c4-40623fbe45b4 at (/var/lib/nova/instances/_base/a489c868f0c37da93b76227c91bb03908ac0e742): checking
Active base files: /var/lib/nova/instances/_base/a489c868f0c37da93b76227c91bb03908ac0e742
[instance: c62f4f25-982c-4ea2-b5e4-93000edfcfbf] Took 20.03 seconds to spawn the instance on the hypervisor.
[instance: af5f7392-f7d4-4298-b647-c98924c64aa1] Deleting instance files /var/lib/nova/instances/af5f7392-f7d4-4298-b647-c98924c64aa1_del
[instance: 78dc1847-8848-49cc-933e-9239b12c9dcf] Creating image
Active base files: /var/lib/nova/instances/_base/a489c868f0c37da93b76227c91bb03908ac0e742
[instance: fecdd5a9-3ca0-4c82-9336-63b7774f738e] VM Started (Lifecycle Event)
Compute_service record updated for cp-1.slowvm1.tcloud-pg0.utah.cloudlab.us:cp-1.slowvm1.tcloud-pg0.utah.cloudlab.us
"10.11.10.1 ""GET /v2/54fadb412c4e40cdbaed9335e4c35a9e/servers/detail HTTP/1.1"" status: 200 len: 1893 time: 0.2709410"
[instance: af5f7392-f7d4-4298-b647-c98924c64aa1] VM Stopped (Lifecycle Event)
"10.11.10.1 ""GET /v2/54fadb412c4e40cdbaed9335e4c35a9e/servers/detail HTTP/1.1"" status: 200 len: 1893 time: 0.2668920"
[instance: 127e769a-4fe6-4548-93b1-513ac51e0452] During sync_power_state the instance has a pending task (spawning). Skip.
"10.11.10.1 ""GET /v2/54fadb412c4e40cdbaed9335e4c35a9e/servers/detail HTTP/1.1"" status: 200 len: 1893 time: 0.2652020"
"10.11.10.1 ""DELETE /v2/54fadb412c4e40cdbaed9335e4c35a9e/servers/43204226-2f87-4da7-b7ee-4d20cc66e846 HTTP/1.1"" status: 204 len: 203 time: 0.2904482"
"10.11.10.1 ""GET /v2/54fadb412c4e40cdbaed9335e4c35a9e/servers/detail HTTP/1.1"" status: 200 len: 1893 time: 0.2449338"
"10.11.10.1 ""GET /v2/54fadb412c4e40cdbaed9335e4c35a9e/servers/detail HTTP/1.1"" status: 200 len: 1893 time: 0.2730091"
"10.11.10.1 ""GET /v2/54fadb412c4e40cdbaed9335e4c35a9e/servers/detail HTTP/1.1"" status: 200 len: 1893 time: 0.2527661"
[instance: 127e769a-4fe6-4548-93b1-513ac51e0452] Instance destroyed successfully.
image 0673dd71-34c5-4fbb-86c4-40623fbe45b4 at (/var/lib/nova/instances/_base/a489c868f0c37da93b76227c91bb03908ac0e742): checking
[instance: c62f4f25-982c-4ea2-b5e4-93000edfcfbf] Deletion of /var/lib/nova/instances/c62f4f25-982c-4ea2-b5e4-93000edfcfbf_del complete
"10.11.10.1 ""GET /v2/54fadb412c4e40cdbaed9335e4c35a9e/servers/detail HTTP/1.1"" status: 200 len: 1893 time: 0.2913761"
image 0673dd71-34c5-4fbb-86c4-40623fbe45b4 at (/var/lib/nova/instances/_base/a489c868f0c37da93b76227c91bb03908ac0e742): checking
"10.11.10.1 ""POST /v2/e9746973ac574c6b8a9e8857f56a7608/os-server-external-events HTTP/1.1"" status: 404 len: 296 time: 0.0918391"
"10.11.10.1 ""GET /v2/54fadb412c4e40cdbaed9335e4c35a9e/servers/detail HTTP/1.1"" status: 200 len: 1916 time: 0.2837551"
"10.11.10.1 ""GET /v2/54fadb412c4e40cdbaed9335e4c35a9e/servers/detail HTTP/1.1"" status: 200 len: 1910 time: 0.2771690"
"10.11.10.1 ""GET /v2/54fadb412c4e40cdbaed9335e4c35a9e/servers/detail HTTP/1.1"" status: 200 len: 1893 time: 0.2771640"
[instance: 78dc1847-8848-49cc-933e-9239b12c9dcf] Took 0.48 seconds to deallocate network for instance.
"10.11.10.1 ""GET /v2/54fadb412c4e40cdbaed9335e4c35a9e/servers/detail HTTP/1.1"" status: 200 len: 211 time: 0.0956130"
"10.11.10.1 ""GET /v2/54fadb412c4e40cdbaed9335e4c35a9e/servers/detail HTTP/1.1"" status: 200 len: 1893 time: 0.2611539"
"10.11.10.1 ""GET /v2/54fadb412c4e40cdbaed9335e4c35a9e/servers/detail HTTP/1.1"" status: 200 len: 1893 time: 0.2567449"
"10.11.10.1 ""GET /v2/54fadb412c4e40cdbaed9335e4c35a9e/servers/detail HTTP/1.1"" status: 200 len: 1893 time: 0.4461639"
Active base files: /var/lib/nova/instances/_base/a489c868f0c37da93b76227c91bb03908ac0e742
"10.11.21.140,10.11.10.1 ""GET /openstack/2013-10-17/vendor_data.json HTTP/1.1"" status: 200 len: 124 time: 0.2250240"
[instance: b562ef10-ba2d-48ae-bf4a-18666cba4a51] Creating image
"image 0673dd71-34c5-4fbb-86c4-40623fbe45b4 at (/var/lib/nova/instances/_base/a489c868f0c37da93b76227c91bb03908ac0e742): in use: on this node 1 local, 0 on other nodes sharing this instance storage"
[instance: b562ef10-ba2d-48ae-bf4a-18666cba4a51] VM Started (Lifecycle Event)
"10.11.10.1 ""GET /v2/54fadb412c4e40cdbaed9335e4c35a9e/servers/detail HTTP/1.1"" status: 200 len: 1893 time: 0.2738080"
"10.11.10.1 ""DELETE /v2/54fadb412c4e40cdbaed9335e4c35a9e/servers/63a0d960-70b6-44c6-b606-491478a5cadf HTTP/1.1"" status: 204 len: 203 time: 0.2671530"
"10.11.10.1 ""GET /v2/54fadb412c4e40cdbaed9335e4c35a9e/servers/detail HTTP/1.1"" status: 200 len: 1893 time: 0.2553751"
Unknown base file: /var/lib/nova/instances/_base/a489c868f0c37da93b76227c91bb03908ac0e742
"10.11.10.1 ""GET /v2/54fadb412c4e40cdbaed9335e4c35a9e/servers/detail HTTP/1.1"" status: 200 len: 1893 time: 0.2558119"
"10.11.10.1 ""GET /v2/54fadb412c4e40cdbaed9335e4c35a9e/servers/detail HTTP/1.1"" status: 200 len: 1893 time: 0.2629061"
"10.11.10.1 ""POST /v2/54fadb412c4e40cdbaed9335e4c35a9e/servers HTTP/1.1"" status: 202 len: 733 time: 0.5442920"
"10.11.21.138,10.11.10.1 ""GET /openstack/2013-10-17/meta_data.json HTTP/1.1"" status: 200 len: 967 time: 0.2491531"
[instance: bf8c824d-f099-4433-a41e-e3da7578262e] During sync_power_state the instance has a pending task (spawning). Skip.
"image 0673dd71-34c5-4fbb-86c4-40623fbe45b4 at (/var/lib/nova/instances/_base/a489c868f0c37da93b76227c91bb03908ac0e742): in use: on this node 1 local, 0 on other nodes sharing this instance storage"
Unknown base file: /var/lib/nova/instances/_base/a489c868f0c37da93b76227c91bb03908ac0e742
Removable base files: /var/lib/nova/instances/_base/a489c868f0c37da93b76227c91bb03908ac0e742
"10.11.10.1 ""POST /v2/54fadb412c4e40cdbaed9335e4c35a9e/servers HTTP/1.1"" status: 202 len: 733 time: 0.4532349"
"10.11.10.1 ""GET /v2/54fadb412c4e40cdbaed9335e4c35a9e/servers/detail HTTP/1.1"" status: 200 len: 1893 time: 0.3834350"
"image 0673dd71-34c5-4fbb-86c4-40623fbe45b4 at (/var/lib/nova/instances/_base/a489c868f0c37da93b76227c91bb03908ac0e742): in use: on this node 1 local, 0 on other nodes sharing this instance storage"
Active base files: /var/lib/nova/instances/_base/a489c868f0c37da93b76227c91bb03908ac0e742
"10.11.21.140,10.11.10.1 ""GET /openstack/2012-08-10/meta_data.json HTTP/1.1"" status: 200 len: 264 time: 0.2175281"
"10.11.10.1 ""POST /v2/54fadb412c4e40cdbaed9335e4c35a9e/servers HTTP/1.1"" status: 202 len: 733 time: 0.5126011"
"10.11.10.1 ""GET /v2/54fadb412c4e40cdbaed9335e4c35a9e/servers/detail HTTP/1.1"" status: 200 len: 1893 time: 0.2463491"
"10.11.10.1 ""GET /v2/54fadb412c4e40cdbaed9335e4c35a9e/servers/detail HTTP/1.1"" status: 200 len: 1893 time: 0.4303629"
[instance: 78dc1847-8848-49cc-933e-9239b12c9dcf] Took 1.02 seconds to destroy the instance on the hypervisor.
"[instance: be793e89-2cc3-4f99-9884-9c6a624a84bc] vcpu limit not specified, defaulting to unlimited"
"10.11.21.127,10.11.10.1 ""GET /openstack/2013-10-17/vendor_data.json HTTP/1.1"" status: 200 len: 124 time: 0.2475102"
"10.11.10.1 ""GET /v2/54fadb412c4e40cdbaed9335e4c35a9e/servers/detail HTTP/1.1"" status: 200 len: 1893 time: 0.2688351"
[instance: 63a0d960-70b6-44c6-b606-491478a5cadf] Claim successful
"[instance: c62f4f25-982c-4ea2-b5e4-93000edfcfbf] Total vcpu: 16 VCPU, used: 0.00 VCPU"
"10.11.21.125,10.11.10.1 ""GET /openstack/2012-08-10/meta_data.json HTTP/1.1"" status: 200 len: 264 time: 0.2202821"
[instance: fecdd5a9-3ca0-4c82-9336-63b7774f738e] Creating image
image 0673dd71-34c5-4fbb-86c4-40623fbe45b4 at (/var/lib/nova/instances/_base/a489c868f0c37da93b76227c91bb03908ac0e742): checking
"10.11.10.1 ""GET /v2/54fadb412c4e40cdbaed9335e4c35a9e/servers/detail HTTP/1.1"" status: 200 len: 1893 time: 0.2596231"
"10.11.21.135,10.11.10.1 ""GET /latest/meta-data/block-device-mapping/ HTTP/1.1"" status: 200 len: 124 time: 0.2319629"
Base or swap file too young to remove: /var/lib/nova/instances/_base/a489c868f0c37da93b76227c91bb03908ac0e742
"10.11.10.1 ""GET /v2/54fadb412c4e40cdbaed9335e4c35a9e/servers/detail HTTP/1.1"" status: 200 len: 1893 time: 0.2654428"
Removable base files: /var/lib/nova/instances/_base/a489c868f0c37da93b76227c91bb03908ac0e742
"10.11.10.1 ""GET /v2/54fadb412c4e40cdbaed9335e4c35a9e/servers/detail HTTP/1.1"" status: 200 len: 1893 time: 0.2688050"
[instance: bf8c824d-f099-4433-a41e-e3da7578262e] Instance spawned successfully.
"10.11.21.133,10.11.10.1 ""GET /openstack/2013-10-17 HTTP/1.1"" status: 200 len: 157 time: 0.2319870"
"10.11.10.1 ""DELETE /v2/54fadb412c4e40cdbaed9335e4c35a9e/servers/be793e89-2cc3-4f99-9884-9c6a624a84bc HTTP/1.1"" status: 204 len: 203 time: 0.2519062"
"10.11.10.1 ""GET /v2/54fadb412c4e40cdbaed9335e4c35a9e/servers/detail HTTP/1.1"" status: 200 len: 1893 time: 0.2833471"
"10.11.10.1 ""GET /v2/54fadb412c4e40cdbaed9335e4c35a9e/servers/detail HTTP/1.1"" status: 200 len: 1759 time: 0.2754171"
"10.11.10.1 ""GET /v2/54fadb412c4e40cdbaed9335e4c35a9e/servers/detail HTTP/1.1"" status: 200 len: 1583 time: 0.1962459"
[instance: 127e769a-4fe6-4548-93b1-513ac51e0452] Took 1.00 seconds to destroy the instance on the hypervisor.
"10.11.10.1 ""GET /v2/54fadb412c4e40cdbaed9335e4c35a9e/servers/detail HTTP/1.1"" status: 200 len: 1910 time: 0.2570262"
"10.11.10.1 ""GET /v2/54fadb412c4e40cdbaed9335e4c35a9e/servers/detail HTTP/1.1"" status: 200 len: 1893 time: 0.2642689"
[instance: bf8c824d-f099-4433-a41e-e3da7578262e] Took 1.00 seconds to destroy the instance on the hypervisor.
"10.11.10.1 ""GET /v2/54fadb412c4e40cdbaed9335e4c35a9e/servers/detail HTTP/1.1"" status: 200 len: 1893 time: 0.2432280"
"10.11.10.1 ""GET /v2/54fadb412c4e40cdbaed9335e4c35a9e/servers/17288ea8-cbf4-4f0e-94fe-853fd2735f29 HTTP/1.1"" status: 200 len: 1708 time: 0.1789858"
"10.11.21.132,10.11.10.1 ""GET /latest/meta-data/block-device-mapping/ami HTTP/1.1"" status: 200 len: 119 time: 0.0010529"
"10.11.21.139,10.11.10.1 ""GET /openstack/2013-10-17/vendor_data.json HTTP/1.1"" status: 200 len: 124 time: 0.0006561"
"10.11.10.1 ""GET /v2/54fadb412c4e40cdbaed9335e4c35a9e/servers/detail HTTP/1.1"" status: 200 len: 1893 time: 0.2512250"
"10.11.10.1 ""GET /v2/54fadb412c4e40cdbaed9335e4c35a9e/servers/detail HTTP/1.1"" status: 200 len: 1893 time: 0.2551649"
"10.11.10.1 ""GET /v2/54fadb412c4e40cdbaed9335e4c35a9e/servers/detail HTTP/1.1"" status: 200 len: 1916 time: 0.2653639"
"10.11.10.1 ""DELETE /v2/54fadb412c4e40cdbaed9335e4c35a9e/servers/bf8c824d-f099-4433-a41e-e3da7578262e HTTP/1.1"" status: 204 len: 203 time: 0.2631681"
"10.11.10.1 ""GET /v2/54fadb412c4e40cdbaed9335e4c35a9e/servers/detail HTTP/1.1"" status: 200 len: 1893 time: 0.2477829"
[instance: a015cf14-84bb-4156-a48d-7c4824ac7a9d] Took 1.04 seconds to destroy the instance on the hypervisor.
"10.11.10.1 ""GET /v2/54fadb412c4e40cdbaed9335e4c35a9e/servers/detail HTTP/1.1"" status: 200 len: 1893 time: 0.3656721"
"10.11.21.136,10.11.10.1 ""GET /openstack/2013-10-17/vendor_data.json HTTP/1.1"" status: 200 len: 124 time: 0.2191730"
[instance: bf8c824d-f099-4433-a41e-e3da7578262e] Took 19.53 seconds to spawn the instance on the hypervisor.
[instance: 96abccce-8d1f-4e07-b6d1-4b2ab87e23b4] Took 0.52 seconds to deallocate network for instance.
"10.11.10.1 ""GET /v2/54fadb412c4e40cdbaed9335e4c35a9e/servers/detail HTTP/1.1"" status: 200 len: 1893 time: 0.2665739"
[instance: 70c1714b-c11b-4c88-b300-239afe1f5ff8] Took 0.99 seconds to destroy the instance on the hypervisor.
"10.11.10.1 ""POST /v2/54fadb412c4e40cdbaed9335e4c35a9e/servers HTTP/1.1"" status: 202 len: 733 time: 0.4657719"
Unknown base file: /var/lib/nova/instances/_base/a489c868f0c37da93b76227c91bb03908ac0e742
"[instance: fecdd5a9-3ca0-4c82-9336-63b7774f738e] vcpu limit not specified, defaulting to unlimited"
Creating event network-vif-plugged:e1bf6353-ae58-4e46-b2d1-65a69b992bed for instance 63a0d960-70b6-44c6-b606-491478a5cadf
Active base files: /var/lib/nova/instances/_base/a489c868f0c37da93b76227c91bb03908ac0e742
"10.11.10.1 ""GET /v2/54fadb412c4e40cdbaed9335e4c35a9e/servers/63a0d960-70b6-44c6-b606-491478a5cadf HTTP/1.1"" status: 200 len: 1708 time: 0.1946359"
"10.11.10.1 ""GET /v2/54fadb412c4e40cdbaed9335e4c35a9e/servers/detail HTTP/1.1"" status: 200 len: 1910 time: 0.2428820"
Base or swap file too young to remove: /var/lib/nova/instances/_base/a489c868f0c37da93b76227c91bb03908ac0e742
[instance: b562ef10-ba2d-48ae-bf4a-18666cba4a51] VM Stopped (Lifecycle Event)
"10.11.10.1 ""POST /v2/e9746973ac574c6b8a9e8857f56a7608/os-server-external-events HTTP/1.1"" status: 200 len: 380 time: 0.0879810"
[instance: ae3a1b5d-eec1-45bb-b76a-c59d83b1471f] Took 20.89 seconds to build instance.
"10.11.10.1 ""GET /v2/54fadb412c4e40cdbaed9335e4c35a9e/servers/detail HTTP/1.1"" status: 200 len: 1893 time: 0.2747049"
"10.11.10.1 ""GET /v2/54fadb412c4e40cdbaed9335e4c35a9e/servers/detail HTTP/1.1"" status: 200 len: 1893 time: 0.2729750"
Creating event network-vif-plugged:f53e6f35-05f7-4896-9abf-6df58d3e69b8 for instance d54b44eb-2d1a-4aa2-ba6b-074d35f8f12c
"10.11.10.1 ""GET /v2/54fadb412c4e40cdbaed9335e4c35a9e/servers/detail HTTP/1.1"" status: 200 len: 1893 time: 0.2660620"
[instance: b9000564-fe1a-409b-b8cc-1e88b294cd1d] VM Stopped (Lifecycle Event)
"10.11.21.129,10.11.10.1 ""GET /openstack/2013-10-17/meta_data.json HTTP/1.1"" status: 200 len: 967 time: 0.0012221"
image 0673dd71-34c5-4fbb-86c4-40623fbe45b4 at (/var/lib/nova/instances/_base/a489c868f0c37da93b76227c91bb03908ac0e742): checking
"10.11.10.1 ""GET /v2/54fadb412c4e40cdbaed9335e4c35a9e/servers/detail HTTP/1.1"" status: 200 len: 1893 time: 0.2608390"
[instance: ae3a1b5d-eec1-45bb-b76a-c59d83b1471f] During sync_power_state the instance has a pending task (spawning). Skip.
"10.11.10.1 ""POST /v2/54fadb412c4e40cdbaed9335e4c35a9e/servers HTTP/1.1"" status: 202 len: 733 time: 0.6913249"
[instance: c62f4f25-982c-4ea2-b5e4-93000edfcfbf] Took 20.79 seconds to build instance.
"10.11.10.1 ""GET /v2/54fadb412c4e40cdbaed9335e4c35a9e/servers/detail HTTP/1.1"" status: 200 len: 1893 time: 0.2567759"
"10.11.10.1 ""GET /v2/54fadb412c4e40cdbaed9335e4c35a9e/servers/detail HTTP/1.1"" status: 200 len: 1893 time: 0.2769511"
image 0673dd71-34c5-4fbb-86c4-40623fbe45b4 at (/var/lib/nova/instances/_base/a489c868f0c37da93b76227c91bb03908ac0e742): checking
HTTP exception thrown: No instances found for any event
Final resource view: name=cp-1.slowvm1.tcloud-pg0.utah.cloudlab.us phys_ram=64172MB used_ram=512MB phys_disk=15GB used_disk=0GB total_vcpus=16 used_vcpus=0 pci_stats=[]
"Total usable vcpus: 16, total allocated vcpus: 1"
"10.11.10.1 ""GET /v2/54fadb412c4e40cdbaed9335e4c35a9e/servers/detail HTTP/1.1"" status: 200 len: 1893 time: 0.2796621"
"10.11.21.135,10.11.10.1 ""GET /openstack/2013-10-17 HTTP/1.1"" status: 200 len: 157 time: 0.2177148"
"10.11.10.1 ""GET /v2/54fadb412c4e40cdbaed9335e4c35a9e/servers/detail HTTP/1.1"" status: 200 len: 1910 time: 0.2617211"
"10.11.10.1 ""GET /v2/54fadb412c4e40cdbaed9335e4c35a9e/servers/detail HTTP/1.1"" status: 200 len: 1893 time: 0.2707500"
image 0673dd71-34c5-4fbb-86c4-40623fbe45b4 at (/var/lib/nova/instances/_base/a489c868f0c37da93b76227c91bb03908ac0e742): checking
Active base files: /var/lib/nova/instances/_base/a489c868f0c37da93b76227c91bb03908ac0e742
[instance: d54b44eb-2d1a-4aa2-ba6b-074d35f8f12c] VM Resumed (Lifecycle Event)
"10.11.10.1 ""GET /v2/54fadb412c4e40cdbaed9335e4c35a9e/servers/detail HTTP/1.1"" status: 200 len: 1893 time: 0.2661891"
HTTP exception thrown: No instances found for any event
"10.11.10.1 ""GET /v2/54fadb412c4e40cdbaed9335e4c35a9e/servers/detail HTTP/1.1"" status: 200 len: 1893 time: 0.2491391"
"10.11.10.1 ""GET /v2/54fadb412c4e40cdbaed9335e4c35a9e/servers/detail HTTP/1.1"" status: 200 len: 1893 time: 0.2598870"
[instance: 17288ea8-cbf4-4f0e-94fe-853fd2735f29] Deletion of /var/lib/nova/instances/17288ea8-cbf4-4f0e-94fe-853fd2735f29_del complete
Base or swap file too young to remove: /var/lib/nova/instances/_base/a489c868f0c37da93b76227c91bb03908ac0e742
"image 0673dd71-34c5-4fbb-86c4-40623fbe45b4 at (/var/lib/nova/instances/_base/a489c868f0c37da93b76227c91bb03908ac0e742): in use: on this node 1 local, 0 on other nodes sharing this instance storage"
[instance: 43204226-2f87-4da7-b7ee-4d20cc66e846] Claim successful
"10.11.10.1 ""GET /v2/54fadb412c4e40cdbaed9335e4c35a9e/servers/detail HTTP/1.1"" status: 200 len: 1575 time: 0.1929309"
"10.11.10.1 ""GET /v2/54fadb412c4e40cdbaed9335e4c35a9e/servers/detail HTTP/1.1"" status: 200 len: 1893 time: 0.2524278"
"10.11.10.1 ""GET /v2/54fadb412c4e40cdbaed9335e4c35a9e/servers/detail HTTP/1.1"" status: 200 len: 1893 time: 0.2421730"
"[instance: 95960536-049b-41f6-9049-05fc479b6a7c] Attempting claim: memory 2048 MB, disk 20 GB, vcpus 1 CPU"
"10.11.10.1 ""GET /v2/54fadb412c4e40cdbaed9335e4c35a9e/servers/detail HTTP/1.1"" status: 200 len: 1893 time: 0.2697911"
"10.11.10.1 ""GET /v2/54fadb412c4e40cdbaed9335e4c35a9e/servers/detail HTTP/1.1"" status: 200 len: 1910 time: 0.2870619"
[instance: faf974ea-cba5-4e1b-93f4-3a3bc606006f] Took 19.47 seconds to spawn the instance on the hypervisor.
"[instance: d54b44eb-2d1a-4aa2-ba6b-074d35f8f12c] disk limit not specified, defaulting to unlimited"
"10.11.10.1 ""GET /v2/54fadb412c4e40cdbaed9335e4c35a9e/servers/detail HTTP/1.1"" status: 200 len: 1893 time: 0.2661371"
"10.11.21.143,10.11.10.1 ""GET /openstack/2013-10-17/user_data HTTP/1.1"" status: 404 len: 176 time: 0.2187860"
"10.11.10.1 ""GET /v2/54fadb412c4e40cdbaed9335e4c35a9e/servers/detail HTTP/1.1"" status: 200 len: 1893 time: 0.2673008"
[instance: 127e769a-4fe6-4548-93b1-513ac51e0452] Creating image
"10.11.21.136,10.11.10.1 ""GET /openstack/2013-10-17/meta_data.json HTTP/1.1"" status: 200 len: 967 time: 0.2261841"
"image 0673dd71-34c5-4fbb-86c4-40623fbe45b4 at (/var/lib/nova/instances/_base/a489c868f0c37da93b76227c91bb03908ac0e742): in use: on this node 1 local, 0 on other nodes sharing this instance storage"
[instance: b9000564-fe1a-409b-b8cc-1e88b294cd1d] Deleting instance files /var/lib/nova/instances/b9000564-fe1a-409b-b8cc-1e88b294cd1d_del
"10.11.21.130,10.11.10.1 ""GET /openstack/2013-10-17/user_data HTTP/1.1"" status: 404 len: 176 time: 0.2292249"
[instance: bf8c824d-f099-4433-a41e-e3da7578262e] Instance destroyed successfully.
"10.11.10.1 ""GET /v2/54fadb412c4e40cdbaed9335e4c35a9e/servers/detail HTTP/1.1"" status: 200 len: 1759 time: 0.2896700"
"10.11.10.1 ""GET /v2/54fadb412c4e40cdbaed9335e4c35a9e/servers/faf974ea-cba5-4e1b-93f4-3a3bc606006f HTTP/1.1"" status: 200 len: 1708 time: 0.1894400"
[instance: fecdd5a9-3ca0-4c82-9336-63b7774f738e] VM Stopped (Lifecycle Event)
"image 0673dd71-34c5-4fbb-86c4-40623fbe45b4 at (/var/lib/nova/instances/_base/a489c868f0c37da93b76227c91bb03908ac0e742): in use: on this node 1 local, 0 on other nodes sharing this instance storage"
"10.11.10.1 ""GET /v2/54fadb412c4e40cdbaed9335e4c35a9e/servers/detail HTTP/1.1"" status: 200 len: 1893 time: 0.2522879"
"10.11.10.1 ""GET /v2/54fadb412c4e40cdbaed9335e4c35a9e/servers/detail HTTP/1.1"" status: 200 len: 1910 time: 0.2584429"
"10.11.21.143,10.11.10.1 ""GET /latest/meta-data/block-device-mapping/root HTTP/1.1"" status: 200 len: 124 time: 0.0009151"
"10.11.21.131,10.11.10.1 ""GET /openstack/2013-10-17 HTTP/1.1"" status: 200 len: 157 time: 0.2318211"
"10.11.10.1 ""GET /v2/54fadb412c4e40cdbaed9335e4c35a9e/servers/detail HTTP/1.1"" status: 200 len: 1910 time: 0.2577119"
[instance: c62f4f25-982c-4ea2-b5e4-93000edfcfbf] Instance destroyed successfully.
"10.11.10.1 ""GET /v2/54fadb412c4e40cdbaed9335e4c35a9e/servers/detail HTTP/1.1"" status: 200 len: 1893 time: 0.2466712"
"10.11.10.1 ""GET /v2/54fadb412c4e40cdbaed9335e4c35a9e/servers/95960536-049b-41f6-9049-05fc479b6a7c HTTP/1.1"" status: 200 len: 1708 time: 0.1721809"
[instance: 63a0d960-70b6-44c6-b606-491478a5cadf] During sync_power_state the instance has a pending task (spawning). Skip.
"[instance: d6b7bd36-2943-4363-9235-fffdd89ea40e] vcpu limit not specified, defaulting to unlimited"
"10.11.21.137,10.11.10.1 ""GET /openstack/2013-10-17/vendor_data.json HTTP/1.1"" status: 200 len: 124 time: 0.2337520"
[instance: af5f7392-f7d4-4298-b647-c98924c64aa1] Instance spawned successfully.
[instance: d6b7bd36-2943-4363-9235-fffdd89ea40e] Instance spawned successfully.
Removable base files: /var/lib/nova/instances/_base/a489c868f0c37da93b76227c91bb03908ac0e742
image 0673dd71-34c5-4fbb-86c4-40623fbe45b4 at (/var/lib/nova/instances/_base/a489c868f0c37da93b76227c91bb03908ac0e742): checking
image 0673dd71-34c5-4fbb-86c4-40623fbe45b4 at (/var/lib/nova/instances/_base/a489c868f0c37da93b76227c91bb03908ac0e742): checking
"10.11.10.1 ""GET /v2/54fadb412c4e40cdbaed9335e4c35a9e/servers/detail HTTP/1.1"" status: 200 len: 1759 time: 0.2800210"
"10.11.10.1 ""GET /v2/54fadb412c4e40cdbaed9335e4c35a9e/servers/detail HTTP/1.1"" status: 200 len: 1916 time: 0.2693460"
"10.11.21.128,10.11.10.1 ""GET /openstack/2013-10-17/vendor_data.json HTTP/1.1"" status: 200 len: 124 time: 0.2238111"
[instance: 7e7cc42f-3cb9-4d91-804c-f5a32d54f1c5] Terminating instance
"10.11.10.1 ""POST /v2/54fadb412c4e40cdbaed9335e4c35a9e/servers HTTP/1.1"" status: 202 len: 733 time: 0.5000288"
"image 0673dd71-34c5-4fbb-86c4-40623fbe45b4 at (/var/lib/nova/instances/_base/a489c868f0c37da93b76227c91bb03908ac0e742): in use: on this node 1 local, 0 on other nodes sharing this instance storage"
[instance: bf8c824d-f099-4433-a41e-e3da7578262e] Claim successful
[instance: 43204226-2f87-4da7-b7ee-4d20cc66e846] VM Resumed (Lifecycle Event)
[instance: 95960536-049b-41f6-9049-05fc479b6a7c] Instance destroyed successfully.
Active base files: /var/lib/nova/instances/_base/a489c868f0c37da93b76227c91bb03908ac0e742
Active base files: /var/lib/nova/instances/_base/a489c868f0c37da93b76227c91bb03908ac0e742
"10.11.10.1 ""GET /v2/54fadb412c4e40cdbaed9335e4c35a9e/servers/detail HTTP/1.1"" status: 200 len: 1893 time: 0.2719719"
"[instance: ae3a1b5d-eec1-45bb-b76a-c59d83b1471f] disk limit not specified, defaulting to unlimited"
[instance: 78dc1847-8848-49cc-933e-9239b12c9dcf] Took 20.47 seconds to spawn the instance on the hypervisor.
"10.11.10.1 ""GET /v2/54fadb412c4e40cdbaed9335e4c35a9e/servers/detail HTTP/1.1"" status: 200 len: 1893 time: 0.2681561"
[instance: faf974ea-cba5-4e1b-93f4-3a3bc606006f] During sync_power_state the instance has a pending task (spawning). Skip.
"10.11.10.1 ""GET /v2/54fadb412c4e40cdbaed9335e4c35a9e/servers/detail HTTP/1.1"" status: 200 len: 1893 time: 0.2577350"
"10.11.10.1 ""GET /v2/54fadb412c4e40cdbaed9335e4c35a9e/servers/detail HTTP/1.1"" status: 200 len: 1910 time: 0.2505140"
image 0673dd71-34c5-4fbb-86c4-40623fbe45b4 at (/var/lib/nova/instances/_base/a489c868f0c37da93b76227c91bb03908ac0e742): checking
[instance: b562ef10-ba2d-48ae-bf4a-18666cba4a51] Took 19.37 seconds to spawn the instance on the hypervisor.
[instance: 17288ea8-cbf4-4f0e-94fe-853fd2735f29] VM Started (Lifecycle Event)
The instance sync for host 'cp-1.slowvm1.tcloud-pg0.utah.cloudlab.us' did not match. Re-created its InstanceList.
Removable base files: /var/lib/nova/instances/_base/a489c868f0c37da93b76227c91bb03908ac0e742
"10.11.10.1 ""GET /v2/54fadb412c4e40cdbaed9335e4c35a9e/servers/detail HTTP/1.1"" status: 200 len: 1893 time: 0.2857480"
Compute_service record updated for cp-1.slowvm1.tcloud-pg0.utah.cloudlab.us:cp-1.slowvm1.tcloud-pg0.utah.cloudlab.us
"10.11.10.1 ""GET /v2/54fadb412c4e40cdbaed9335e4c35a9e/servers/detail HTTP/1.1"" status: 200 len: 1893 time: 0.2582810"
"10.11.10.1 ""GET /v2/54fadb412c4e40cdbaed9335e4c35a9e/servers/detail HTTP/1.1"" status: 200 len: 1893 time: 0.2635262"
"10.11.21.138,10.11.10.1 ""GET /openstack/2013-10-17/meta_data.json HTTP/1.1"" status: 200 len: 967 time: 0.2451930"
[instance: 17288ea8-cbf4-4f0e-94fe-853fd2735f29] Took 1.00 seconds to destroy the instance on the hypervisor.
Creating event network-vif-plugged:1cf11429-1563-4f6c-823c-91ba6e0f6675 for instance 95960536-049b-41f6-9049-05fc479b6a7c
[instance: d96a117b-0193-4549-bdcc-63b917273d1d] During sync_power_state the instance has a pending task (spawning). Skip.
[instance: fecdd5a9-3ca0-4c82-9336-63b7774f738e] Claim successful
"10.11.21.143,10.11.10.1 ""GET /latest/meta-data/placement/ HTTP/1.1"" status: 200 len: 134 time: 0.4259689"
[instance: fecdd5a9-3ca0-4c82-9336-63b7774f738e] VM Resumed (Lifecycle Event)
image 0673dd71-34c5-4fbb-86c4-40623fbe45b4 at (/var/lib/nova/instances/_base/a489c868f0c37da93b76227c91bb03908ac0e742): checking
Removable base files: /var/lib/nova/instances/_base/a489c868f0c37da93b76227c91bb03908ac0e742
image 0673dd71-34c5-4fbb-86c4-40623fbe45b4 at (/var/lib/nova/instances/_base/a489c868f0c37da93b76227c91bb03908ac0e742): checking
Got assigned task 1301
Got assigned task 1242
"Times: total = 42, boot = 23, init = 19, finish = 0"
"Times: total = 42, boot = -67, init = 108, finish = 1"
Started reading broadcast variable 34
Found block rdd_21_1 locally
Running task 32.0 in stage 27.0 (TID 1272)
Running task 3.0 in stage 5.0 (TID 238)
"Partition rdd_6_4 not found, computing it"
Got assigned task 518
Started reading broadcast variable 40
"Block rdd_42_27 stored as bytes in memory (estimated size 790.0 B, free 826.8 KB)"
Found block rdd_42_33 locally
Input split: hdfs://10.10.34.11:9000/pjhe/logs/2kSOSP.log:240636+7292
Running task 0.0 in stage 2.0 (TID 87)
"Block broadcast_2_piece0 stored as bytes in memory (estimated size 93.0 B, free 319.0 KB)"
Reading broadcast variable 30 took 8 ms
Running task 1.0 in stage 12.0 (TID 494)
"Times: total = 42, boot = -66, init = 107, finish = 1"
Got assigned task 374
"Times: total = 42, boot = 26, init = 16, finish = 0"
Running task 3.0 in stage 22.0 (TID 918)
File Output Committer Algorithm version is 1
Running task 1.0 in stage 20.0 (TID 821)
"Times: total = 42, boot = 12, init = 30, finish = 0"
"Times: total = 38, boot = -112, init = 150, finish = 0"
"Times: total = 39, boot = 17, init = 21, finish = 1"
Found block rdd_42_27 locally
Got assigned task 1266
"Times: total = 42, boot = 24, init = 17, finish = 1"
Running task 4.0 in stage 21.0 (TID 879)
"Times: total = 38, boot = 18, init = 20, finish = 0"
Found block rdd_2_2 locally
"Times: total = 41, boot = -343, init = 384, finish = 0"
"Times: total = 39, boot = -73, init = 111, finish = 1"
Found block rdd_42_28 locally
"Partition rdd_30_4 not found, computing it"
Finished task 1.0 in stage 1.0 (TID 56). 2428 bytes result sent to driver
Saved output of task 'attempt_201706092018_0024_m_000040_1125' to hdfs://10.10.34.11:9000/pjhe/test/1/_temporary/0/task_201706092018_0024_m_000040
Finished task 2.0 in stage 28.0 (TID 1282). 2087 bytes result sent to driver
"Times: total = 42, boot = 24, init = 17, finish = 1"
Finished task 30.0 in stage 27.0 (TID 1270). 2859 bytes result sent to driver
"Partition rdd_16_1 not found, computing it"
Got assigned task 285
Got assigned task 1252
Got assigned task 1224
"Times: total = 40, boot = -129, init = 169, finish = 0"
Finished task 3.0 in stage 12.0 (TID 518). 2155 bytes result sent to driver
Finished task 4.0 in stage 16.0 (TID 679). 2163 bytes result sent to driver
Found block rdd_42_19 locally
"Partition rdd_2_2 not found, computing it"
Running task 0.0 in stage 12.0 (TID 480)
Finished task 1.0 in stage 13.0 (TID 542). 2241 bytes result sent to driver
"Times: total = 40, boot = -157, init = 197, finish = 0"
"Times: total = 41, boot = -85, init = 125, finish = 1"
"Times: total = 42, boot = -343, init = 384, finish = 1"
"Times: total = 38, boot = -172, init = 210, finish = 0"
Found block rdd_6_1 locally
Got assigned task 1202
Got assigned task 1283
Finished task 17.0 in stage 29.0 (TID 1337). 2128 bytes result sent to driver
Finished task 2.0 in stage 9.0 (TID 388). 2239 bytes result sent to driver
Running task 34.0 in stage 27.0 (TID 1274)
Finished task 39.0 in stage 26.0 (TID 1239). 2703 bytes result sent to driver
Found block rdd_26_4 locally
"Block broadcast_17_piece0 stored as bytes in memory (estimated size 5.7 KB, free 438.5 KB)"
Finished task 4.0 in stage 17.0 (TID 719). 2156 bytes result sent to driver
Found block rdd_42_23 locally
"Block broadcast_14_piece0 stored as bytes in memory (estimated size 5.8 KB, free 392.3 KB)"
File Output Committer Algorithm version is 1
Saved output of task 'attempt_201706092018_0024_m_000160_1155' to hdfs://10.10.34.11:9000/pjhe/test/1/_temporary/0/task_201706092018_0024_m_000160
"Times: total = 41, boot = -82, init = 123, finish = 0"
"Times: total = 39, boot = 21, init = 18, finish = 0"
Finished task 36.0 in stage 26.0 (TID 1236). 2705 bytes result sent to driver
Running task 84.0 in stage 24.0 (TID 1141)
Finished task 2.0 in stage 23.0 (TID 951). 2223 bytes result sent to driver
Finished task 3.0 in stage 28.0 (TID 1283). 2087 bytes result sent to driver
Found block rdd_21_3 locally
"Times: total = 41, boot = -139, init = 179, finish = 1"
Got assigned task 1308
Got assigned task 1297
"Times: total = 40, boot = -107, init = 147, finish = 0"
Running task 26.0 in stage 26.0 (TID 1226)
"Times: total = 41, boot = 17, init = 24, finish = 0"
Found block rdd_42_20 locally
Finished task 83.0 in stage 24.0 (TID 1138). 2364 bytes result sent to driver
attempt_201706092018_0024_m_000121_1146: Committed
"Times: total = 41, boot = 35, init = 5, finish = 1"
Running task 1.0 in stage 1.0 (TID 56)
"Times: total = 41, boot = -58, init = 98, finish = 1"
"SecurityManager: authentication disabled; ui acls disabled; users with view permissions: Set(yarn, curi); users with modify permissions: Set(yarn, curi)"
Found block rdd_2_0 locally
"Times: total = 40, boot = -71, init = 110, finish = 1"
Got assigned task 195
Finished task 3.0 in stage 27.0 (TID 1243). 2651 bytes result sent to driver
Running task 12.0 in stage 28.0 (TID 1292)
"Times: total = 41, boot = 28, init = 13, finish = 0"
Finished task 0.0 in stage 6.0 (TID 247). 2087 bytes result sent to driver
Found block rdd_2_1 locally
Finished task 4.0 in stage 2.0 (TID 119). 2087 bytes result sent to driver
"Times: total = 40, boot = 26, init = 13, finish = 1"
"Block broadcast_13_piece0 stored as bytes in memory (estimated size 5.7 KB, free 376.4 KB)"
"Partition rdd_16_2 not found, computing it"
Found block rdd_6_0 locally
Finished task 2.0 in stage 6.0 (TID 273). 2087 bytes result sent to driver
Found block rdd_42_6 locally
Finished task 1.0 in stage 0.0 (TID 1). 2703 bytes result sent to driver
Finished task 5.0 in stage 27.0 (TID 1245). 2721 bytes result sent to driver
Found block rdd_16_4 locally
"mapred.task.id is deprecated. Instead, use mapreduce.task.attempt.id"
"Times: total = 41, boot = -59, init = 99, finish = 1"
Found block rdd_42_29 locally
Running task 25.0 in stage 27.0 (TID 1265)
Finished task 9.0 in stage 26.0 (TID 1209). 2703 bytes result sent to driver
"Times: total = 42, boot = 20, init = 21, finish = 1"
"Times: total = 39, boot = 18, init = 20, finish = 1"
Finished task 3.0 in stage 26.0 (TID 1203). 2703 bytes result sent to driver
Finished task 2.0 in stage 4.0 (TID 195). 2138 bytes result sent to driver
Found block rdd_2_2 locally
Found block rdd_2_4 locally
Running task 4.0 in stage 7.0 (TID 319)
Finished task 18.0 in stage 29.0 (TID 1338). 2128 bytes result sent to driver
Running task 30.0 in stage 28.0 (TID 1310)
Got assigned task 867
"Times: total = 40, boot = 15, init = 25, finish = 0"
Found block rdd_2_3 locally
Finished task 20.0 in stage 27.0 (TID 1260). 2355 bytes result sent to driver
Finished task 4.0 in stage 3.0 (TID 159). 2667 bytes result sent to driver
Found block rdd_2_2 locally
Found block rdd_30_3 locally
"Partition rdd_42_23 not found, computing it"
Running task 1.0 in stage 9.0 (TID 374)
"Times: total = 56, boot = 10, init = 40, finish = 6"
Found block rdd_11_1 locally
Got assigned task 238
"Partition rdd_42_30 not found, computing it"
Running task 2.0 in stage 18.0 (TID 750)
"Block rdd_42_6 stored as bytes in memory (estimated size 559.0 B, free 809.8 KB)"
Finished task 3.0 in stage 25.0 (TID 1198). 2364 bytes result sent to driver
Running task 17.0 in stage 26.0 (TID 1217)
"Times: total = 40, boot = -82, init = 122, finish = 0"
"Times: total = 38, boot = -170, init = 208, finish = 0"
Saved output of task 'attempt_201706092018_0024_m_000001_984' to hdfs://10.10.34.11:9000/pjhe/test/1/_temporary/0/task_201706092018_0024_m_000001
Starting remoting
Found block rdd_2_3 locally
Finished task 1.0 in stage 25.0 (TID 1180). 2364 bytes result sent to driver
Got assigned task 1346
Finished task 1.0 in stage 4.0 (TID 185). 2099 bytes result sent to driver
"Times: total = 48, boot = 5, init = 38, finish = 5"
Input split: hdfs://10.10.34.11:9000/pjhe/logs/2kSOSP.log:277096+7292
Finished task 16.0 in stage 28.0 (TID 1296). 2087 bytes result sent to driver
Got assigned task 1230
Found block rdd_6_4 locally
"Partition rdd_42_36 not found, computing it"
"Block broadcast_1_piece0 stored as bytes in memory (estimated size 107.0 B, free 318.6 KB)"
Found block rdd_2_4 locally
Got assigned task 643
Got assigned task 1135
Reading broadcast variable 18 took 12 ms
"Times: total = 58, boot = 7, init = 46, finish = 5"
"Times: total = 39, boot = -108, init = 146, finish = 1"
Got assigned task 1229
"Times: total = 38, boot = -727, init = 765, finish = 0"
Found block rdd_30_4 locally
Got assigned task 1282
Found block rdd_2_0 locally
"Times: total = 42, boot = -4138, init = 4179, finish = 1"
Got assigned task 136
File Output Committer Algorithm version is 1
Got assigned task 821
Finished task 39.0 in stage 28.0 (TID 1319). 2087 bytes result sent to driver
Running task 17.0 in stage 27.0 (TID 1257)
"Times: total = 48, boot = 8, init = 35, finish = 5"
Found block rdd_42_28 locally
"Times: total = 41, boot = -4122, init = 4162, finish = 1"
"Block rdd_42_14 stored as bytes in memory (estimated size 834.0 B, free 816.6 KB)"
"Partition rdd_42_12 not found, computing it"
"Block broadcast_21 stored as values in memory (estimated size 10.1 KB, free 403.2 KB)"
"Block broadcast_11_piece0 stored as bytes in memory (estimated size 5.4 KB, free 344.7 KB)"
Running task 3.0 in stage 26.0 (TID 1203)
"Block rdd_42_17 stored as bytes in memory (estimated size 836.0 B, free 819.0 KB)"
"Block rdd_42_0 stored as bytes in memory (estimated size 913.0 B, free 804.8 KB)"
"Times: total = 41, boot = 20, init = 20, finish = 1"
Got assigned task 1
Finished task 4.0 in stage 23.0 (TID 959). 2223 bytes result sent to driver
"Partition rdd_6_2 not found, computing it"
Found block rdd_42_26 locally
"Block broadcast_15_piece0 stored as bytes in memory (estimated size 5.4 KB, free 407.4 KB)"
Found block rdd_42_19 locally
Finished task 36.0 in stage 27.0 (TID 1276). 2673 bytes result sent to driver
Input split: hdfs://10.10.34.11:9000/pjhe/logs/2kSOSP.log:145840+7292
Started reading broadcast variable 21
Found block rdd_2_4 locally
Running task 33.0 in stage 29.0 (TID 1353)
Finished task 22.0 in stage 28.0 (TID 1302). 2087 bytes result sent to driver
"Times: total = 40, boot = 19, init = 21, finish = 0"
Running task 3.0 in stage 24.0 (TID 1012)
"Times: total = 41, boot = 19, init = 21, finish = 1"
Running task 5.0 in stage 29.0 (TID 1325)
"Block broadcast_13 stored as values in memory (estimated size 10.1 KB, free 386.5 KB)"
Got assigned task 1233
Running task 1.0 in stage 4.0 (TID 185)
"Times: total = 43, boot = 14, init = 28, finish = 1"
Got assigned task 1343
Finished task 2.0 in stage 0.0 (TID 2). 2703 bytes result sent to driver
Got assigned task 1026
Found block rdd_42_29 locally
"Block broadcast_16 stored as values in memory (estimated size 9.8 KB, free 432.0 KB)"
Got assigned task 1326
"Times: total = 41, boot = 9, init = 31, finish = 1"
Finished task 4.0 in stage 13.0 (TID 559). 2241 bytes result sent to driver
"Times: total = 1078, boot = 851, init = 219, finish = 8"
Running task 20.0 in stage 29.0 (TID 1340)
Finished task 122.0 in stage 24.0 (TID 1147). 2364 bytes result sent to driver
Finished task 0.0 in stage 0.0 (TID 0). 2703 bytes result sent to driver
Found block rdd_42_20 locally
"Block broadcast_26_piece0 stored as bytes in memory (estimated size 5.8 KB, free 379.9 KB)"
Got assigned task 1324
"Changing view acls to: yarn,curi"
Got assigned task 1222
Running task 1.0 in stage 24.0 (TID 984)
Reading broadcast variable 37 took 14 ms
Warning: Unrecognized packageExtended attribute.
Session: 30546173_4280633483 initialized by client WindowsUpdateAgent.
Session: 30546174_157135994 initialized by client WindowsUpdateAgent.
Expecting attribute name [HRESULT = 0x800f080d - CBS_E_MANIFEST_INVALID_ITEM]
Session: 30546174_44469550 initialized by client WindowsUpdateAgent.
Session: 30546354_2973852275 initialized by client WindowsUpdateAgent.
Warning: Unrecognized packageExtended attribute.
Warning: Unrecognized packageExtended attribute.
Expecting attribute name [HRESULT = 0x800f080d - CBS_E_MANIFEST_INVALID_ITEM]
Expecting attribute name [HRESULT = 0x800f080d - CBS_E_MANIFEST_INVALID_ITEM]
Session: 30546174_89092102 initialized by client WindowsUpdateAgent.
Warning: Unrecognized packageExtended attribute.
Failed to get next element [HRESULT = 0x800f080d - CBS_E_MANIFEST_INVALID_ITEM]
Failed to get next element [HRESULT = 0x800f080d - CBS_E_MANIFEST_INVALID_ITEM]
Failed to get next element [HRESULT = 0x800f080d - CBS_E_MANIFEST_INVALID_ITEM]
Failed to get next element [HRESULT = 0x800f080d - CBS_E_MANIFEST_INVALID_ITEM]
"Read out cached package applicability for package: Package_for_KB3006137~31bf3856ad364e35~amd64~~6.1.1.0, ApplicableState: 112, CurrentState:112"
Session: 30546173_4280603481 initialized by client WindowsUpdateAgent.
Failed to get next element [HRESULT = 0x800f080d - CBS_E_MANIFEST_INVALID_ITEM]
Session: 30546354_3309061448 initialized by client WindowsUpdateAgent.
"Read out cached package applicability for package: Package_for_KB3146963~31bf3856ad364e35~amd64~~6.1.1.0, ApplicableState: 112, CurrentState:112"
"Read out cached package applicability for package: Microsoft-Windows-Embedded-EmbeddedLockdown-Package-TopLevel~31bf3856ad364e35~amd64~~7.1.7601.16511, ApplicableState: 112, CurrentState:0"
"Read out cached package applicability for package: Package_for_KB2727528~31bf3856ad364e35~amd64~~6.1.1.1, ApplicableState: 112, CurrentState:112"
Session: 30546354_2975752384 initialized by client WindowsUpdateAgent.
Failed to get next element [HRESULT = 0x800f080d - CBS_E_MANIFEST_INVALID_ITEM]
Warning: Unrecognized packageExtended attribute.
"Read out cached package applicability for package: Package_for_KB3020388~31bf3856ad364e35~amd64~~6.1.1.1, ApplicableState: 112, CurrentState:112"
"Read out cached package applicability for package: Package_for_KB3184122~31bf3856ad364e35~amd64~~6.1.1.0, ApplicableState: 112, CurrentState:112"
Session: 30546354_3198805142 initialized by client WindowsUpdateAgent.
Warning: Unrecognized packageExtended attribute.
Session: 30546174_10517608 initialized by client WindowsUpdateAgent.
Session: 30546354_3217316200 initialized by client WindowsUpdateAgent.
"Read out cached package applicability for package: Package_for_KB2973112~31bf3856ad364e35~amd64~~6.1.1.0, ApplicableState: 112, CurrentState:112"
Expecting attribute name [HRESULT = 0x800f080d - CBS_E_MANIFEST_INVALID_ITEM]
"Read out cached package applicability for package: Microsoft-Windows-RDP-WinIP-Package-TopLevel~31bf3856ad364e35~amd64~~7.1.7601.16398, ApplicableState: 112, CurrentState:112"
"Read out cached package applicability for package: Package_for_KB3075249~31bf3856ad364e35~amd64~~6.1.1.0, ApplicableState: 80, CurrentState:112"
Session: 30546354_3198305113 initialized by client WindowsUpdateAgent.
Session: 30546173_4294174257 initialized by client WindowsUpdateAgent.
Session: 30546354_3351103853 initialized by client WindowsUpdateAgent.
Warning: Unrecognized packageExtended attribute.
Failed to get next element [HRESULT = 0x800f080d - CBS_E_MANIFEST_INVALID_ITEM]
Session: 30546354_3193054813 initialized by client WindowsUpdateAgent.
Session: 30546174_157105992 initialized by client WindowsUpdateAgent.
"Read out cached package applicability for package: Package_for_KB2620704~31bf3856ad364e35~amd64~~6.1.1.0, ApplicableState: 112, CurrentState:112"
Warning: Unrecognized packageExtended attribute.
Session: 30546354_3347003618 initialized by client WindowsUpdateAgent.
Session: 30546354_3356384155 initialized by client WindowsUpdateAgent.
Session: 30546174_108683223 initialized by client WindowsUpdateAgent.
"Read out cached package applicability for package: Package_for_KB2923545~31bf3856ad364e35~amd64~~6.1.1.1, ApplicableState: 112, CurrentState:112"
Expecting attribute name [HRESULT = 0x800f080d - CBS_E_MANIFEST_INVALID_ITEM]
Expecting attribute name [HRESULT = 0x800f080d - CBS_E_MANIFEST_INVALID_ITEM]
Expecting attribute name [HRESULT = 0x800f080d - CBS_E_MANIFEST_INVALID_ITEM]
"Read out cached package applicability for package: Package_for_KB3093513~31bf3856ad364e35~amd64~~6.1.1.0, ApplicableState: 112, CurrentState:112"
"Read out cached package applicability for package: Package_for_KB3161958~31bf3856ad364e35~amd64~~6.1.1.1, ApplicableState: 112, CurrentState:112"
"00000009@2016/9/27:20:40:53.744 CSI Transaction @0x47e9e0 initialized for deployment engine {d16d444c-56d8-11d5-882d-0080c847b195} with flags 00000002 and client id [10]""TI6.0_0:0/"""
Session: 30546174_165966499 initialized by client WindowsUpdateAgent.
"Read out cached package applicability for package: Package_for_KB3075249~31bf3856ad364e35~amd64~~6.1.1.0, ApplicableState: 80, CurrentState:112"
Warning: Unrecognized packageExtended attribute.
Session: 30546354_3282399923 initialized by client WindowsUpdateAgent.
Warning: Unrecognized packageExtended attribute.
Session: 30546174_2817168 initialized by client WindowsUpdateAgent.
Session: 30546354_2916919019 initialized by client WindowsUpdateAgent.
"Read out cached package applicability for package: Package_for_KB2789645~31bf3856ad364e35~amd64~~6.1.1.0, ApplicableState: 80, CurrentState:112"
Expecting attribute name [HRESULT = 0x800f080d - CBS_E_MANIFEST_INVALID_ITEM]
"Read out cached package applicability for package: Package_for_KB2532531~31bf3856ad364e35~amd64~~6.1.1.0, ApplicableState: 80, CurrentState:112"
"Read out cached package applicability for package: Package_for_KB2770660~31bf3856ad364e35~amd64~~6.1.1.0, ApplicableState: 112, CurrentState:112"
Session: 30546354_3222456494 initialized by client WindowsUpdateAgent.
Session: 30546354_3275839548 initialized by client WindowsUpdateAgent.
"Read out cached package applicability for package: Package_for_KB2972100~31bf3856ad364e35~amd64~~6.1.1.0, ApplicableState: 112, CurrentState:112"
Warning: Unrecognized packageExtended attribute.
Expecting attribute name [HRESULT = 0x800f080d - CBS_E_MANIFEST_INVALID_ITEM]
"SQM: Queued 0 file(s) for upload with pattern: C:\Windows\servicing\sqm\*_all.sqm, flags: 0x6"
Session: 30546354_3192854801 initialized by client WindowsUpdateAgent.
Failed to get next element [HRESULT = 0x800f080d - CBS_E_MANIFEST_INVALID_ITEM]
Session: 30546173_4280613483 initialized by client WindowsUpdateAgent.
Session: 30546174_28288625 initialized by client WindowsUpdateAgent.
Warning: Unrecognized packageExtended attribute.
Session: 30546354_2965591803 initialized by client WindowsUpdateAgent.
"Read out cached package applicability for package: Package_for_KB3035126~31bf3856ad364e35~amd64~~6.1.1.2, ApplicableState: 112, CurrentState:112"
Session: 30546174_35509038 initialized by client WindowsUpdateAgent.
Session: 30546354_2894197719 initialized by client WindowsUpdateAgent.
"Read out cached package applicability for package: Package_for_KB2893294~31bf3856ad364e35~amd64~~6.1.1.1, ApplicableState: 112, CurrentState:112"
Session: 30546174_90832202 initialized by client WindowsUpdateAgent.
Expecting attribute name [HRESULT = 0x800f080d - CBS_E_MANIFEST_INVALID_ITEM]
"Read out cached package applicability for package: Package_for_KB3074543~31bf3856ad364e35~amd64~~6.1.1.0, ApplicableState: 112, CurrentState:112"
Warning: Unrecognized packageExtended attribute.
"Read out cached package applicability for package: Package_for_KB2579686~31bf3856ad364e35~amd64~~6.1.1.1, ApplicableState: 112, CurrentState:112"
Failed to get next element [HRESULT = 0x800f080d - CBS_E_MANIFEST_INVALID_ITEM]
Warning: Unrecognized packageExtended attribute.
"Read out cached package applicability for package: Package_for_KB2985461~31bf3856ad364e35~amd64~~6.1.1.0, ApplicableState: 112, CurrentState:112"
"Read out cached package applicability for package: Package_for_KB2891804~31bf3856ad364e35~amd64~~6.1.1.1, ApplicableState: 112, CurrentState:112"
Session: 30546354_3215406091 initialized by client WindowsUpdateAgent.
Session: 30546354_2850645228 initialized by client WindowsUpdateAgent.
Offline image is: read-only
"Read out cached package applicability for package: Package_for_KB947821~31bf3856ad364e35~amd64~~6.1.34.0, ApplicableState: 112, CurrentState:0"
Warning: Unrecognized packageExtended attribute.
Failed to get next element [HRESULT = 0x800f080d - CBS_E_MANIFEST_INVALID_ITEM]
Failed to get next element [HRESULT = 0x800f080d - CBS_E_MANIFEST_INVALID_ITEM]
Warning: Unrecognized packageExtended attribute.
Session: 30546354_3232347060 initialized by client WindowsUpdateAgent.
00000010@2016/9/27:20:40:54.787 CSI Transaction @0x47e9e0 destroyed
"Read out cached package applicability for package: Package_for_KB3004375~31bf3856ad364e35~amd64~~6.1.3.1, ApplicableState: 112, CurrentState:112"
Warning: Unrecognized packageExtended attribute.
Session: 30546354_3341763318 initialized by client WindowsUpdateAgent.
Warning: Unrecognized packageExtended attribute.
Session: 30546354_3198345115 initialized by client WindowsUpdateAgent.
"Read out cached package applicability for package: Package_for_KB2836942~31bf3856ad364e35~amd64~~6.1.1.0, ApplicableState: 80, CurrentState:112"
"SQM: Queued 0 file(s) for upload with pattern: C:\Windows\servicing\sqm\*_all.sqm, flags: 0x6"
Warning: Unrecognized packageExtended attribute.
Failed to get next element [HRESULT = 0x800f080d - CBS_E_MANIFEST_INVALID_ITEM]
"Read out cached package applicability for package: Package_for_KB3108371~31bf3856ad364e35~amd64~~6.1.1.0, ApplicableState: 112, CurrentState:112"
"Read out cached package applicability for package: Package_for_KB2758857~31bf3856ad364e35~amd64~~6.1.1.0, ApplicableState: 80, CurrentState:112"
"0000000e Created NT transaction (seq 2) result 0x00000000, handle @0xb8"
Session: 30546354_2850685230 initialized by client WindowsUpdateAgent.
Session: 30546354_3218366261 initialized by client WindowsUpdateAgent.
"Read out cached package applicability for package: Package_for_KB3177186~31bf3856ad364e35~amd64~~6.1.1.1, ApplicableState: 112, CurrentState:112"
Session: 30546174_155605907 initialized by client WindowsUpdateAgent.
"Read out cached package applicability for package: Package_for_KB3010788~31bf3856ad364e35~amd64~~6.1.1.1, ApplicableState: 112, CurrentState:112"
"Read out cached package applicability for package: Package_for_KB2813430~31bf3856ad364e35~amd64~~6.1.1.4, ApplicableState: 112, CurrentState:112"
Expecting attribute name [HRESULT = 0x800f080d - CBS_E_MANIFEST_INVALID_ITEM]
"Read out cached package applicability for package: Package_for_KB3019978~31bf3856ad364e35~amd64~~6.1.1.2, ApplicableState: 80, CurrentState:0"
Expecting attribute name [HRESULT = 0x800f080d - CBS_E_MANIFEST_INVALID_ITEM]
Session: 11152_142416105 initialized by client SPP.
"Read out cached package applicability for package: Package_for_KB2729094~31bf3856ad364e35~amd64~~6.1.2.0, ApplicableState: 112, CurrentState:112"
"Read out cached package applicability for package: Package_for_KB2893519~31bf3856ad364e35~amd64~~6.1.1.0, ApplicableState: 112, CurrentState:112"
Failed to get next element [HRESULT = 0x800f080d - CBS_E_MANIFEST_INVALID_ITEM]
Failed to get next element [HRESULT = 0x800f080d - CBS_E_MANIFEST_INVALID_ITEM]
"Read out cached package applicability for package: Package_for_KB3133977~31bf3856ad364e35~amd64~~6.1.1.2, ApplicableState: 112, CurrentState:112"
Expecting attribute name [HRESULT = 0x800f080d - CBS_E_MANIFEST_INVALID_ITEM]
Failed to internally open package. [HRESULT = 0x800f0805 - CBS_E_INVALID_PACKAGE]
Session: 30546354_3226836745 initialized by client WindowsUpdateAgent.
Session: 30546174_137784887 initialized by client WindowsUpdateAgent.
"Read out cached package applicability for package: Package_for_KB3006121~31bf3856ad364e35~amd64~~6.1.1.0, ApplicableState: 112, CurrentState:112"
Session: 30546354_2833204231 initialized by client WindowsUpdateAgent.
Session: 30546174_107383149 initialized by client WindowsUpdateAgent.
Warning: Unrecognized packageExtended attribute.
"Read out cached package applicability for package: Package_for_KB2900986~31bf3856ad364e35~amd64~~6.1.1.1, ApplicableState: 112, CurrentState:112"
Session: 30546354_3077138183 initialized by client WindowsUpdateAgent.
Warning: Unrecognized packageExtended attribute.
Warning: Unrecognized packageExtended attribute.
Warning: Unrecognized packageExtended attribute.
Expecting attribute name [HRESULT = 0x800f080d - CBS_E_MANIFEST_INVALID_ITEM]
Failed to get next element [HRESULT = 0x800f080d - CBS_E_MANIFEST_INVALID_ITEM]
"Read out cached package applicability for package: Package_for_KB3182203~31bf3856ad364e35~amd64~~6.1.1.1, ApplicableState: 112, CurrentState:112"
"Read out cached package applicability for package: Package_for_KB3092627~31bf3856ad364e35~amd64~~6.1.1.0, ApplicableState: 112, CurrentState:112"
Failed to get next element [HRESULT = 0x800f080d - CBS_E_MANIFEST_INVALID_ITEM]
"Read out cached package applicability for package: Package_for_KB3138901~31bf3856ad364e35~amd64~~6.1.1.0, ApplicableState: 112, CurrentState:112"
Failed to get next element [HRESULT = 0x800f080d - CBS_E_MANIFEST_INVALID_ITEM]
Session: 30546173_4286853838 initialized by client WindowsUpdateAgent.
Warning: Unrecognized packageExtended attribute.
Session: 30546174_106683108 initialized by client WindowsUpdateAgent.
Session: 30546174_94392405 initialized by client WindowsUpdateAgent.
"Read out cached package applicability for package: Package_for_KB3139914~31bf3856ad364e35~amd64~~6.1.1.0, ApplicableState: 112, CurrentState:112"
Session: 30546174_2037123 initialized by client WindowsUpdateAgent.
"Read out cached package applicability for package: Package_for_KB2943357~31bf3856ad364e35~amd64~~6.1.1.3, ApplicableState: 112, CurrentState:112"
SQM: Initializing online with Windows opt-in: False
"Read out cached package applicability for package: Package_for_KB3067904~31bf3856ad364e35~amd64~~6.1.1.2, ApplicableState: 80, CurrentState:0"
Failed to get next element [HRESULT = 0x800f080d - CBS_E_MANIFEST_INVALID_ITEM]
Failed to create backup log cab. [HRESULT = 0x80070001 - ERROR_INVALID_FUNCTION]
Unloading offline registry hive: {bf1a281b-ad7b-4476-ac95-f47682990ce7}GLOBALROOT/Device/HarddiskVolumeShadowCopy2/Windows/System32/config/SYSTEM
"Read out cached package applicability for package: Package_for_KB3020369~31bf3856ad364e35~amd64~~6.1.1.1, ApplicableState: 80, CurrentState:112"
"Read out cached package applicability for package: Package_for_KB2716513~31bf3856ad364e35~amd64~~6.1.1.0, ApplicableState: 80, CurrentState:0"
Session: 30546354_3342893383 initialized by client WindowsUpdateAgent.
Session: 30546174_107523157 initialized by client WindowsUpdateAgent.
Session: 30546174_165696484 initialized by client WindowsUpdateAgent.
Warning: Unrecognized packageExtended attribute.
Failed to get next element [HRESULT = 0x800f080d - CBS_E_MANIFEST_INVALID_ITEM]
Session: 30546354_2970472082 initialized by client WindowsUpdateAgent.
"Read out cached package applicability for package: Microsoft-Hyper-V-Integration-Services-Package~31bf3856ad364e35~amd64~~6.3.9600.18080, ApplicableState: 112, CurrentState:0"
Session: 30546354_2934110002 initialized by client WindowsUpdateAgent.
Session: 30546174_170026732 initialized by client WindowsUpdateAgent.
Warning: Unrecognized packageExtended attribute.
"Read out cached package applicability for package: Package_for_KB2912390~31bf3856ad364e35~amd64~~6.1.1.2, ApplicableState: 112, CurrentState:112"
Failed to internally open package. [HRESULT = 0x800f0805 - CBS_E_INVALID_PACKAGE]
Session: 30546174_169366694 initialized by client WindowsUpdateAgent.
Session: 30546174_157145995 initialized by client WindowsUpdateAgent.
Session: 30546354_2976462424 initialized by client WindowsUpdateAgent.
Expecting attribute name [HRESULT = 0x800f080d - CBS_E_MANIFEST_INVALID_ITEM]
"Read out cached package applicability for package: Package_for_KB3055642~31bf3856ad364e35~amd64~~6.1.1.0, ApplicableState: 112, CurrentState:112"
Expecting attribute name [HRESULT = 0x800f080d - CBS_E_MANIFEST_INVALID_ITEM]
"Read out cached package applicability for package: Package_for_KB2853587~31bf3856ad364e35~amd64~~6.1.1.2, ApplicableState: 0, CurrentState:0"
"Read out cached package applicability for package: Package_for_KB2506014~31bf3856ad364e35~amd64~~6.1.1.0, ApplicableState: 112, CurrentState:112"
Warning: Unrecognized packageExtended attribute.
Failed to get next element [HRESULT = 0x800f080d - CBS_E_MANIFEST_INVALID_ITEM]
"Read out cached package applicability for package: Package_for_KB2918077~31bf3856ad364e35~amd64~~6.1.1.0, ApplicableState: 112, CurrentState:112"
Failed to get next element [HRESULT = 0x800f080d - CBS_E_MANIFEST_INVALID_ITEM]
Expecting attribute name [HRESULT = 0x800f080d - CBS_E_MANIFEST_INVALID_ITEM]
Warning: Unrecognized packageExtended attribute.
Session: 30546173_4275933214 initialized by client WindowsUpdateAgent.
Session: 30546354_3226626733 initialized by client WindowsUpdateAgent.
Session: 30546354_3066077550 initialized by client WindowsUpdateAgent.
Failed to get next element [HRESULT = 0x800f080d - CBS_E_MANIFEST_INVALID_ITEM]
"Read out cached package applicability for package: Package_for_KB3107998~31bf3856ad364e35~amd64~~6.1.1.2, ApplicableState: 112, CurrentState:112"
"Read out cached package applicability for package: Package_for_KB2719857~31bf3856ad364e35~amd64~~6.1.1.2, ApplicableState: 112, CurrentState:112"
Expecting attribute name [HRESULT = 0x800f080d - CBS_E_MANIFEST_INVALID_ITEM]
"Read out cached package applicability for package: Package_for_KB3170455~31bf3856ad364e35~amd64~~6.1.1.2, ApplicableState: 112, CurrentState:112"
"Read out cached package applicability for package: Package_for_KB2574819~31bf3856ad364e35~amd64~~6.1.2.0, ApplicableState: 112, CurrentState:112"
Session: 30546174_90912206 initialized by client WindowsUpdateAgent.
Session: 30546174_20798196 initialized by client WindowsUpdateAgent.
Expecting attribute name [HRESULT = 0x800f080d - CBS_E_MANIFEST_INVALID_ITEM]
Session: 30546354_3209785770 initialized by client WindowsUpdateAgent.
Session: 30546174_88262055 initialized by client WindowsUpdateAgent.
Warning: Unrecognized packageExtended attribute.
Session: 30546354_3360174372 initialized by client WindowsUpdateAgent.
Session: 30546354_3225896691 initialized by client WindowsUpdateAgent.
"Read out cached package applicability for package: Package_for_KB3138378~31bf3856ad364e35~amd64~~6.1.1.0, ApplicableState: 112, CurrentState:112"
Warning: Unrecognized packageExtended attribute.
"Read out cached package applicability for package: Package_for_KB2750841~31bf3856ad364e35~amd64~~6.1.1.3, ApplicableState: 112, CurrentState:112"
Failed to get next element [HRESULT = 0x800f080d - CBS_E_MANIFEST_INVALID_ITEM]
Failed to internally open package. [HRESULT = 0x800f0805 - CBS_E_INVALID_PACKAGE]
"Read out cached package applicability for package: Package_for_KB2603229~31bf3856ad364e35~amd64~~6.1.1.0, ApplicableState: 112, CurrentState:112"
Session: 30546174_27448577 initialized by client WindowsUpdateAgent.
Failed to get next element [HRESULT = 0x800f080d - CBS_E_MANIFEST_INVALID_ITEM]
"Read out cached package applicability for package: Microsoft-Hyper-V-Integration-Services-Package~31bf3856ad364e35~amd64~~6.3.9600.17903, ApplicableState: 112, CurrentState:0"
Expecting attribute name [HRESULT = 0x800f080d - CBS_E_MANIFEST_INVALID_ITEM]
Expecting attribute name [HRESULT = 0x800f080d - CBS_E_MANIFEST_INVALID_ITEM]
Warning: Unrecognized packageExtended attribute.
Session: 30546174_172676883 initialized by client WindowsUpdateAgent.
"Read out cached package applicability for package: Package_for_KB3139398~31bf3856ad364e35~amd64~~6.1.1.1, ApplicableState: 112, CurrentState:112"
Failed to get next element [HRESULT = 0x800f080d - CBS_E_MANIFEST_INVALID_ITEM]
00000003@2016/9/28:16:00:46.213 WcpInitialize (wcp.dll version 0.0.0.6) called (stack @0x7fed875eb5d @0x7fef9d98728 @0x7fef9d98856 @0xffeee474 @0xffeed7de @0xffeedb2f)
"Read out cached package applicability for package: Package_for_KB2978120~31bf3856ad364e35~amd64~~6.1.1.0, ApplicableState: 112, CurrentState:112"
